Using pre-set license
Built from '2021.3/staging' branch; Version is '2021.3.15f1 (e8e88683f834) revision 15263878'; Using compiler version '192829333'; Build Type 'Release'
OS: 'Windows 11  (10.0.22621) 64bit Core' Language: 'en' Physical Memory: 16286 MB
BatchMode: 1, IsHumanControllingUs: 0, StartBugReporterOnCrash: 0, Is64bit: 1, IsPro: 1

COMMAND LINE ARGUMENTS:
C:\Program Files\Unity\Hub\Editor\2021.3.15f1\Editor\Unity.exe
-adb2
-batchMode
-noUpm
-name
AssetImportWorker1
-projectPath
D:/Project Archive/Side-Quest/Project Side Quest
-logFile
Logs/AssetImportWorker1.log
-srvPort
54552
Successfully changed project path to: D:/Project Archive/Side-Quest/Project Side Quest
D:/Project Archive/Side-Quest/Project Side Quest
[UnityMemory] Configuration Parameters - Can be set up in boot.config
    "memorysetup-bucket-allocator-granularity=16"
    "memorysetup-bucket-allocator-bucket-count=8"
    "memorysetup-bucket-allocator-block-size=33554432"
    "memorysetup-bucket-allocator-block-count=8"
    "memorysetup-main-allocator-block-size=16777216"
    "memorysetup-thread-allocator-block-size=16777216"
    "memorysetup-gfx-main-allocator-block-size=16777216"
    "memorysetup-gfx-thread-allocator-block-size=16777216"
    "memorysetup-cache-allocator-block-size=4194304"
    "memorysetup-typetree-allocator-block-size=2097152"
    "memorysetup-profiler-bucket-allocator-granularity=16"
    "memorysetup-profiler-bucket-allocator-bucket-count=8"
    "memorysetup-profiler-bucket-allocator-block-size=33554432"
    "memorysetup-profiler-bucket-allocator-block-count=8"
    "memorysetup-profiler-allocator-block-size=16777216"
    "memorysetup-profiler-editor-allocator-block-size=1048576"
    "memorysetup-temp-allocator-size-main=16777216"
    "memorysetup-job-temp-allocator-block-size=2097152"
    "memorysetup-job-temp-allocator-block-size-background=1048576"
    "memorysetup-job-temp-allocator-reduction-small-platforms=262144"
    "memorysetup-temp-allocator-size-background-worker=32768"
    "memorysetup-temp-allocator-size-job-worker=262144"
    "memorysetup-temp-allocator-size-preload-manager=33554432"
    "memorysetup-temp-allocator-size-nav-mesh-worker=65536"
    "memorysetup-temp-allocator-size-audio-worker=65536"
    "memorysetup-temp-allocator-size-cloud-worker=32768"
    "memorysetup-temp-allocator-size-gi-baking-worker=262144"
    "memorysetup-temp-allocator-size-gfx=262144"
Player connection [14036] Host "[IP] 192.168.0.41 [Port] 0 [Flags] 2 [Guid] 1002463235 [EditorId] 1002463235 [Version] 1048832 [Id] WindowsEditor(7,LAPTOP-CRIS38R2) [Debug] 1 [PackageName] WindowsEditor [ProjectName] Editor" joined multi-casting on [225.0.0.222:54997]...

Player connection [14036] Host "[IP] 192.168.0.41 [Port] 0 [Flags] 2 [Guid] 1002463235 [EditorId] 1002463235 [Version] 1048832 [Id] WindowsEditor(7,LAPTOP-CRIS38R2) [Debug] 1 [PackageName] WindowsEditor [ProjectName] Editor" joined alternative multi-casting on [225.0.0.222:34997]...

Refreshing native plugins compatible for Editor in 55.52 ms, found 2 plugins.
Preloading 0 native plugins for Editor in 0.00 ms.
Initialize engine version: 2021.3.15f1 (e8e88683f834)
[Subsystems] Discovering subsystems at path C:/Program Files/Unity/Hub/Editor/2021.3.15f1/Editor/Data/Resources/UnitySubsystems
[Subsystems] Discovering subsystems at path D:/Project Archive/Side-Quest/Project Side Quest/Assets
GfxDevice: creating device client; threaded=0; jobified=0
Direct3D:
    Version:  Direct3D 11.0 [level 11.1]
    Renderer: NVIDIA GeForce RTX 3070 Laptop GPU (ID=0x249d)
    Vendor:   NVIDIA
    VRAM:     8033 MB
    Driver:   31.0.15.2737
Initialize mono
Mono path[0] = 'C:/Program Files/Unity/Hub/Editor/2021.3.15f1/Editor/Data/Managed'
Mono path[1] = 'C:/Program Files/Unity/Hub/Editor/2021.3.15f1/Editor/Data/MonoBleedingEdge/lib/mono/unityjit-win32'
Mono config path = 'C:/Program Files/Unity/Hub/Editor/2021.3.15f1/Editor/Data/MonoBleedingEdge/etc'
Using monoOptions --debugger-agent=transport=dt_socket,embedding=1,server=y,suspend=n,address=127.0.0.1:56048
Begin MonoManager ReloadAssembly
Registering precompiled unity dll's ...
Register platform support module: C:/Program Files/Unity/Hub/Editor/2021.3.15f1/Editor/Data/PlaybackEngines/WindowsStandaloneSupport/UnityEditor.WindowsStandalone.Extensions.dll
Registered in 0.005947 seconds.
Native extension for WindowsStandalone target not found
Refreshing native plugins compatible for Editor in 42.35 ms, found 2 plugins.
Preloading 0 native plugins for Editor in 0.00 ms.
Mono: successfully reloaded assembly
- Completed reload, in  0.686 seconds
Domain Reload Profiling:
	ReloadAssembly (686ms)
		BeginReloadAssembly (81ms)
			ExecutionOrderSort (0ms)
			DisableScriptedObjects (0ms)
			BackupInstance (0ms)
			ReleaseScriptingObjects (0ms)
			CreateAndSetChildDomain (1ms)
		EndReloadAssembly (481ms)
			LoadAssemblies (79ms)
			RebuildTransferFunctionScriptingTraits (0ms)
			SetupTypeCache (117ms)
			ReleaseScriptCaches (0ms)
			RebuildScriptCaches (32ms)
			SetupLoadedEditorAssemblies (276ms)
				LogAssemblyErrors (0ms)
				InitializePlatformSupportModulesInManaged (8ms)
				SetLoadedEditorAssemblies (0ms)
				RefreshPlugins (42ms)
				BeforeProcessingInitializeOnLoad (1ms)
				ProcessInitializeOnLoadAttributes (172ms)
				ProcessInitializeOnLoadMethodAttributes (52ms)
				AfterProcessingInitializeOnLoad (0ms)
				EditorAssembliesLoaded (0ms)
			ExecutionOrderSort2 (0ms)
			AwakeInstancesAfterBackupRestoration (0ms)
Platform modules already initialized, skipping
Registering precompiled user dll's ...
Registered in 0.004598 seconds.
Begin MonoManager ReloadAssembly
Native extension for WindowsStandalone target not found
Refreshing native plugins compatible for Editor in 0.69 ms, found 2 plugins.
Preloading 0 native plugins for Editor in 0.00 ms.
Package Manager log level set to [2]
Mono: successfully reloaded assembly
- Completed reload, in  1.215 seconds
Domain Reload Profiling:
	ReloadAssembly (1216ms)
		BeginReloadAssembly (123ms)
			ExecutionOrderSort (0ms)
			DisableScriptedObjects (7ms)
			BackupInstance (0ms)
			ReleaseScriptingObjects (0ms)
			CreateAndSetChildDomain (18ms)
		EndReloadAssembly (957ms)
			LoadAssemblies (100ms)
			RebuildTransferFunctionScriptingTraits (0ms)
			SetupTypeCache (225ms)
			ReleaseScriptCaches (1ms)
			RebuildScriptCaches (57ms)
			SetupLoadedEditorAssemblies (531ms)
				LogAssemblyErrors (0ms)
				InitializePlatformSupportModulesInManaged (6ms)
				SetLoadedEditorAssemblies (1ms)
				RefreshPlugins (1ms)
				BeforeProcessingInitializeOnLoad (79ms)
				ProcessInitializeOnLoadAttributes (266ms)
				ProcessInitializeOnLoadMethodAttributes (169ms)
				AfterProcessingInitializeOnLoad (10ms)
				EditorAssembliesLoaded (0ms)
			ExecutionOrderSort2 (0ms)
			AwakeInstancesAfterBackupRestoration (7ms)
Platform modules already initialized, skipping
========================================================================
Worker process is ready to serve import requests
Launched and connected shader compiler UnityShaderCompiler.exe after 0.05 seconds
Refreshing native plugins compatible for Editor in 0.76 ms, found 2 plugins.
Preloading 0 native plugins for Editor in 0.00 ms.
Unloading 2436 Unused Serialized files (Serialized files now loaded: 0)
Unloading 60 unused Assets / (57.5 KB). Loaded Objects now: 2870.
Memory consumption went from 94.1 MB to 94.0 MB.
Total: 7.444400 ms (FindLiveObjects: 0.266300 ms CreateObjectMapping: 0.214000 ms MarkObjects: 6.848300 ms  DeleteObjects: 0.114600 ms)

AssetImportParameters requested are different than current active one (requested -> active):
  custom:video-decoder-ogg-theora: a1e56fd34408186e4bbccfd4996cb3dc -> 
  custom:container-muxer-webm: aa71ff27fc2769a1b78a27578f13a17b -> 
  custom:container-demuxer-webm: 4f35f7cbe854078d1ac9338744f61a02 -> 
  custom:video-encoder-webm-vp8: eb34c28f22e8b96e1ab97ce403110664 -> 
  custom:audio-encoder-webm-vorbis: bf7c407c2cedff20999df2af8eb42d56 -> 
  custom:framework-win-MediaFoundation: 216162199b28c13a410421893ffa2e32 -> 
  custom:container-demuxer-ogg: 62fdf1f143b41e24485cea50d1cbac27 -> 
  custom:video-decoder-webm-vp8: 9c59270c3fd7afecdb556c50c9e8de78 -> 
  custom:audio-decoder-ogg-vorbis: bf7c407c2cedff20999df2af8eb42d56 -> 
========================================================================
Received Import Request.
  Time since last request: 363859.075302 seconds.
  path: Assets/Characters/BaseLaneClass.cs
  artifactKey: Guid(299b42d6e98878f408a15732dc04340b) Importer(815301076,1909f56bfc062723c751e8b465ee728b)
Start importing Assets/Characters/BaseLaneClass.cs using Guid(299b42d6e98878f408a15732dc04340b) Importer(815301076,1909f56bfc062723c751e8b465ee728b)  -> (artifact id: 'b2309092988d9b1ecf364b9f02f43b1b') in 0.030489 seconds 
========================================================================
Received Import Request.
  Time since last request: 0.000025 seconds.
  path: Assets/Characters/RogueLane.cs
  artifactKey: Guid(4e6cc4892be346d4dab7a30132ad7b01) Importer(815301076,1909f56bfc062723c751e8b465ee728b)
Start importing Assets/Characters/RogueLane.cs using Guid(4e6cc4892be346d4dab7a30132ad7b01) Importer(815301076,1909f56bfc062723c751e8b465ee728b)  -> (artifact id: '6e52d7e405170668b8e7b6c9e7cd77b7') in 0.007038 seconds 
========================================================================
Received Import Request.
  Time since last request: 0.000024 seconds.
  path: Assets/Characters/ClericLane.cs
  artifactKey: Guid(427391b1231f7074a828517a4757d4a6) Importer(815301076,1909f56bfc062723c751e8b465ee728b)
Start importing Assets/Characters/ClericLane.cs using Guid(427391b1231f7074a828517a4757d4a6) Importer(815301076,1909f56bfc062723c751e8b465ee728b)  -> (artifact id: 'b9b4b640fa95f08c90494f7d306a14d5') in 0.008326 seconds 
========================================================================
Received Import Request.
  Time since last request: 1346.484527 seconds.
  path: Assets/CustomAssets/Tilemap/tilemap_packed_0.asset
  artifactKey: Guid(834a0fc0527d4a342bcbe41b172e11ce) Importer(815301076,1909f56bfc062723c751e8b465ee728b)
Start importing Assets/CustomAssets/Tilemap/tilemap_packed_0.asset using Guid(834a0fc0527d4a342bcbe41b172e11ce) Importer(815301076,1909f56bfc062723c751e8b465ee728b)  -> (artifact id: '6c4c3b8f807b47479d9cccab742d01d5') in 0.079564 seconds 
========================================================================
Received Import Request.
  Time since last request: 0.000030 seconds.
  path: Assets/CustomAssets/Tilemap/tilemap_packed_30.asset
  artifactKey: Guid(12b97c12445cff54ab7c3897431e6b68) Importer(815301076,1909f56bfc062723c751e8b465ee728b)
Start importing Assets/CustomAssets/Tilemap/tilemap_packed_30.asset using Guid(12b97c12445cff54ab7c3897431e6b68) Importer(815301076,1909f56bfc062723c751e8b465ee728b)  -> (artifact id: '76386ec6426de7bec6e8aa391a0cc19b') in 0.014416 seconds 
========================================================================
Received Import Request.
  Time since last request: 0.000034 seconds.
  path: Assets/CustomAssets/Tilemap/tilemap_packed_31.asset
  artifactKey: Guid(0906a5a767ebb6c4eacca091a1d09f4c) Importer(815301076,1909f56bfc062723c751e8b465ee728b)
Start importing Assets/CustomAssets/Tilemap/tilemap_packed_31.asset using Guid(0906a5a767ebb6c4eacca091a1d09f4c) Importer(815301076,1909f56bfc062723c751e8b465ee728b)  -> (artifact id: '53fd45d0e54e3fc4cc2e3ea2932036d1') in 0.013970 seconds 
========================================================================
Received Import Request.
  Time since last request: 0.000016 seconds.
  path: Assets/CustomAssets/Tilemap/tilemap_packed_72.asset
  artifactKey: Guid(0236f4845966aff41949a926ab96e5e5) Importer(815301076,1909f56bfc062723c751e8b465ee728b)
Start importing Assets/CustomAssets/Tilemap/tilemap_packed_72.asset using Guid(0236f4845966aff41949a926ab96e5e5) Importer(815301076,1909f56bfc062723c751e8b465ee728b)  -> (artifact id: '4c2cfca07b69be745dc5d367ff74dd7c') in 0.012071 seconds 
========================================================================
Received Import Request.
  Time since last request: 0.000016 seconds.
  path: Assets/CustomAssets/Tilemap/tilemap_packed_28.asset
  artifactKey: Guid(911185a7e6457f14086eaf471283d364) Importer(815301076,1909f56bfc062723c751e8b465ee728b)
Start importing Assets/CustomAssets/Tilemap/tilemap_packed_28.asset using Guid(911185a7e6457f14086eaf471283d364) Importer(815301076,1909f56bfc062723c751e8b465ee728b)  -> (artifact id: 'f20ac2b957299676e9261e17b4344abf') in 0.010488 seconds 
========================================================================
Received Import Request.
  Time since last request: 0.000015 seconds.
  path: Assets/CustomAssets/Tilemap/tilemap_packed_27.asset
  artifactKey: Guid(9b2e7d692cacee34cb0183d75723b63c) Importer(815301076,1909f56bfc062723c751e8b465ee728b)
Start importing Assets/CustomAssets/Tilemap/tilemap_packed_27.asset using Guid(9b2e7d692cacee34cb0183d75723b63c) Importer(815301076,1909f56bfc062723c751e8b465ee728b)  -> (artifact id: '32fb744b7ba7f3c6bea3ca7b1356cc05') in 0.012754 seconds 
========================================================================
Received Import Request.
  Time since last request: 0.000021 seconds.
  path: Assets/CustomAssets/Tilemap/tilemap_packed_60.asset
  artifactKey: Guid(c03f4b46d2b290c48ae3946b8a90eac2) Importer(815301076,1909f56bfc062723c751e8b465ee728b)
Start importing Assets/CustomAssets/Tilemap/tilemap_packed_60.asset using Guid(c03f4b46d2b290c48ae3946b8a90eac2) Importer(815301076,1909f56bfc062723c751e8b465ee728b)  -> (artifact id: 'd34bb5096303edbeff77c4d2b88f0bc1') in 0.014867 seconds 
========================================================================
Received Import Request.
  Time since last request: 0.000019 seconds.
  path: Assets/CustomAssets/Tilemap/tilemap_packed_69.asset
  artifactKey: Guid(5d42a93c5b90e2d4eb7a8755e02d3cb8) Importer(815301076,1909f56bfc062723c751e8b465ee728b)
Start importing Assets/CustomAssets/Tilemap/tilemap_packed_69.asset using Guid(5d42a93c5b90e2d4eb7a8755e02d3cb8) Importer(815301076,1909f56bfc062723c751e8b465ee728b)  -> (artifact id: '88c2e8612ec4b252726b6d69bb6576d5') in 0.013462 seconds 
========================================================================
Received Import Request.
  Time since last request: 0.000030 seconds.
  path: Assets/CustomAssets/Tilemap/tilemap_packed_62.asset
  artifactKey: Guid(5950d7c25e6e96d4f854724ec137cf14) Importer(815301076,1909f56bfc062723c751e8b465ee728b)
Start importing Assets/CustomAssets/Tilemap/tilemap_packed_62.asset using Guid(5950d7c25e6e96d4f854724ec137cf14) Importer(815301076,1909f56bfc062723c751e8b465ee728b)  -> (artifact id: '2a57511d88a0e1ddfd4fc63f4c56cb11') in 0.012623 seconds 
========================================================================
Received Import Request.
  Time since last request: 0.000025 seconds.
  path: Assets/CustomAssets/Tilemap/tilemap_packed_34.asset
  artifactKey: Guid(9f80e932dc6376442886e2d5f2277ee4) Importer(815301076,1909f56bfc062723c751e8b465ee728b)
Start importing Assets/CustomAssets/Tilemap/tilemap_packed_34.asset using Guid(9f80e932dc6376442886e2d5f2277ee4) Importer(815301076,1909f56bfc062723c751e8b465ee728b)  -> (artifact id: 'db6a341c2f8c2e757e871b4d0345b169') in 0.012924 seconds 
========================================================================
Received Import Request.
  Time since last request: 0.000027 seconds.
  path: Assets/CustomAssets/Tilemap/tilemap_packed_48.asset
  artifactKey: Guid(4e023bea86c8df1429b50be9d635657f) Importer(815301076,1909f56bfc062723c751e8b465ee728b)
Start importing Assets/CustomAssets/Tilemap/tilemap_packed_48.asset using Guid(4e023bea86c8df1429b50be9d635657f) Importer(815301076,1909f56bfc062723c751e8b465ee728b)  -> (artifact id: 'df9403136122fa3e96692f3e91189402') in 0.014581 seconds 
========================================================================
Received Import Request.
  Time since last request: 0.000015 seconds.
  path: Assets/CustomAssets/Tilemap/tilemap_packed_33.asset
  artifactKey: Guid(0024ef5731272c44089e27a208efd618) Importer(815301076,1909f56bfc062723c751e8b465ee728b)
Start importing Assets/CustomAssets/Tilemap/tilemap_packed_33.asset using Guid(0024ef5731272c44089e27a208efd618) Importer(815301076,1909f56bfc062723c751e8b465ee728b)  -> (artifact id: 'bf665cb731c7c7a998e45bc55898cbe1') in 0.013508 seconds 
========================================================================
Received Import Request.
  Time since last request: 0.000021 seconds.
  path: Assets/CustomAssets/Tilemap/tilemap_packed_58.asset
  artifactKey: Guid(f3d43c379323f6c4784294869117c4f9) Importer(815301076,1909f56bfc062723c751e8b465ee728b)
Start importing Assets/CustomAssets/Tilemap/tilemap_packed_58.asset using Guid(f3d43c379323f6c4784294869117c4f9) Importer(815301076,1909f56bfc062723c751e8b465ee728b)  -> (artifact id: '494db5d7ebcc46ecfdad3e550eaa3a76') in 0.013586 seconds 
========================================================================
Received Import Request.
  Time since last request: 0.000019 seconds.
  path: Assets/CustomAssets/Tilemap/tilemap_packed_20.asset
  artifactKey: Guid(4606843e3afb848479a165cab7400025) Importer(815301076,1909f56bfc062723c751e8b465ee728b)
Start importing Assets/CustomAssets/Tilemap/tilemap_packed_20.asset using Guid(4606843e3afb848479a165cab7400025) Importer(815301076,1909f56bfc062723c751e8b465ee728b)  -> (artifact id: 'a2626d3aaca8e4aeedb7e903299543f8') in 0.012158 seconds 
========================================================================
Received Import Request.
  Time since last request: 0.000022 seconds.
  path: Assets/CustomAssets/Tilemap/tilemap_packed_35.asset
  artifactKey: Guid(66804281df76a684e9f9954a2261f7f9) Importer(815301076,1909f56bfc062723c751e8b465ee728b)
Start importing Assets/CustomAssets/Tilemap/tilemap_packed_35.asset using Guid(66804281df76a684e9f9954a2261f7f9) Importer(815301076,1909f56bfc062723c751e8b465ee728b)  -> (artifact id: '2c63a45459c78ebea4f1a2d7ca1db6bb') in 0.012066 seconds 
========================================================================
Received Import Request.
  Time since last request: 0.000023 seconds.
  path: Assets/CustomAssets/Tilemap/tilemap_packed_6.asset
  artifactKey: Guid(c842e7f432989704589e891ff548e832) Importer(815301076,1909f56bfc062723c751e8b465ee728b)
Start importing Assets/CustomAssets/Tilemap/tilemap_packed_6.asset using Guid(c842e7f432989704589e891ff548e832) Importer(815301076,1909f56bfc062723c751e8b465ee728b)  -> (artifact id: '0b441bd871a72c4ff934360866680542') in 0.013665 seconds 
========================================================================
Received Import Request.
  Time since last request: 0.000023 seconds.
  path: Assets/CustomAssets/Tilemap/tilemap_packed_37.asset
  artifactKey: Guid(004a2a30d2e337d4ba62d9da055b9346) Importer(815301076,1909f56bfc062723c751e8b465ee728b)
Start importing Assets/CustomAssets/Tilemap/tilemap_packed_37.asset using Guid(004a2a30d2e337d4ba62d9da055b9346) Importer(815301076,1909f56bfc062723c751e8b465ee728b)  -> (artifact id: '35eac85ea606454320f37517456db9fd') in 0.011903 seconds 
========================================================================
Received Import Request.
  Time since last request: 0.000026 seconds.
  path: Assets/CustomAssets/Tilemap/tilemap_packed_23.asset
  artifactKey: Guid(9a3864e47682dcf4c9e50376c5fddc03) Importer(815301076,1909f56bfc062723c751e8b465ee728b)
Start importing Assets/CustomAssets/Tilemap/tilemap_packed_23.asset using Guid(9a3864e47682dcf4c9e50376c5fddc03) Importer(815301076,1909f56bfc062723c751e8b465ee728b)  -> (artifact id: '0357079b866c3f2c3528034c78599e5a') in 0.012182 seconds 
========================================================================
Received Import Request.
  Time since last request: 0.000021 seconds.
  path: Assets/CustomAssets/Tilemap/tilemap_packed_12.asset
  artifactKey: Guid(a6e2e9b0ca8c13e4882007e5bad01607) Importer(815301076,1909f56bfc062723c751e8b465ee728b)
Start importing Assets/CustomAssets/Tilemap/tilemap_packed_12.asset using Guid(a6e2e9b0ca8c13e4882007e5bad01607) Importer(815301076,1909f56bfc062723c751e8b465ee728b)  -> (artifact id: 'cf320eedd349687f2801526703d6a640') in 0.013571 seconds 
========================================================================
Received Import Request.
  Time since last request: 0.000025 seconds.
  path: Assets/CustomAssets/Tilemap/tilemap_packed_39.asset
  artifactKey: Guid(b8d88c2d50ddd504ca5591be60acd778) Importer(815301076,1909f56bfc062723c751e8b465ee728b)
Start importing Assets/CustomAssets/Tilemap/tilemap_packed_39.asset using Guid(b8d88c2d50ddd504ca5591be60acd778) Importer(815301076,1909f56bfc062723c751e8b465ee728b)  -> (artifact id: '86a1d5997de052aa6faf2526da4f93a9') in 0.012511 seconds 
========================================================================
Received Import Request.
  Time since last request: 0.000015 seconds.
  path: Assets/CustomAssets/Tilemap/tilemap_packed_13.asset
  artifactKey: Guid(e1f09bb615b5c32418e273fdc5e40d36) Importer(815301076,1909f56bfc062723c751e8b465ee728b)
Start importing Assets/CustomAssets/Tilemap/tilemap_packed_13.asset using Guid(e1f09bb615b5c32418e273fdc5e40d36) Importer(815301076,1909f56bfc062723c751e8b465ee728b)  -> (artifact id: '2b2295144f7125ff848682cf2bcb87aa') in 0.011413 seconds 
========================================================================
Received Import Request.
  Time since last request: 0.000021 seconds.
  path: Assets/CustomAssets/Tilemap/tilemap_packed_56.asset
  artifactKey: Guid(963322ded42c3554f9c59c4a9a4c3dbb) Importer(815301076,1909f56bfc062723c751e8b465ee728b)
Start importing Assets/CustomAssets/Tilemap/tilemap_packed_56.asset using Guid(963322ded42c3554f9c59c4a9a4c3dbb) Importer(815301076,1909f56bfc062723c751e8b465ee728b)  -> (artifact id: 'f1392a96d7751c9813cb40efb4b93a5c') in 0.016067 seconds 
========================================================================
Received Import Request.
  Time since last request: 0.000023 seconds.
  path: Assets/CustomAssets/Tilemap/tilemap_packed_68.asset
  artifactKey: Guid(64de0587cd038ef48ab95cfeed65bde6) Importer(815301076,1909f56bfc062723c751e8b465ee728b)
Start importing Assets/CustomAssets/Tilemap/tilemap_packed_68.asset using Guid(64de0587cd038ef48ab95cfeed65bde6) Importer(815301076,1909f56bfc062723c751e8b465ee728b)  -> (artifact id: '2551774e199742e75d882e36cdeb4dc1') in 0.014465 seconds 
========================================================================
Received Import Request.
  Time since last request: 0.000020 seconds.
  path: Assets/CustomAssets/Tilemap/tilemap_packed_45.asset
  artifactKey: Guid(1fd2f967811594d4993e9d9874bb6316) Importer(815301076,1909f56bfc062723c751e8b465ee728b)
Start importing Assets/CustomAssets/Tilemap/tilemap_packed_45.asset using Guid(1fd2f967811594d4993e9d9874bb6316) Importer(815301076,1909f56bfc062723c751e8b465ee728b)  -> (artifact id: '6e2d1bbbff1b3a1f1202e107264c61dc') in 0.011486 seconds 
========================================================================
Received Import Request.
  Time since last request: 0.000018 seconds.
  path: Assets/CustomAssets/Tilemap/tilemap_packed_4.asset
  artifactKey: Guid(990fb8ce7ed93d846811843bb700cda3) Importer(815301076,1909f56bfc062723c751e8b465ee728b)
Start importing Assets/CustomAssets/Tilemap/tilemap_packed_4.asset using Guid(990fb8ce7ed93d846811843bb700cda3) Importer(815301076,1909f56bfc062723c751e8b465ee728b)  -> (artifact id: 'ade331d9e613ed59a66d990fc6b1c200') in 0.011134 seconds 
========================================================================
Received Import Request.
  Time since last request: 0.000025 seconds.
  path: Assets/CustomAssets/Tilemap/tilemap_packed_66.asset
  artifactKey: Guid(7a44fb7e70f6cdb468f42172632858d0) Importer(815301076,1909f56bfc062723c751e8b465ee728b)
Start importing Assets/CustomAssets/Tilemap/tilemap_packed_66.asset using Guid(7a44fb7e70f6cdb468f42172632858d0) Importer(815301076,1909f56bfc062723c751e8b465ee728b)  -> (artifact id: '59184d8eab8a6555109bde486fb00ef3') in 0.014284 seconds 
========================================================================
Received Import Request.
  Time since last request: 0.000021 seconds.
  path: Assets/CustomAssets/Tilemap/tilemap_packed_51.asset
  artifactKey: Guid(31d92bc8f9eab5546b77a397033e869b) Importer(815301076,1909f56bfc062723c751e8b465ee728b)
Start importing Assets/CustomAssets/Tilemap/tilemap_packed_51.asset using Guid(31d92bc8f9eab5546b77a397033e869b) Importer(815301076,1909f56bfc062723c751e8b465ee728b)  -> (artifact id: 'dd455ec8a0306422346592ee192646a4') in 0.011671 seconds 
========================================================================
Received Import Request.
  Time since last request: 0.000022 seconds.
  path: Assets/CustomAssets/Tilemap/tilemap_packed_49.asset
  artifactKey: Guid(b5d785c90e188f040a04b63597eab5da) Importer(815301076,1909f56bfc062723c751e8b465ee728b)
Start importing Assets/CustomAssets/Tilemap/tilemap_packed_49.asset using Guid(b5d785c90e188f040a04b63597eab5da) Importer(815301076,1909f56bfc062723c751e8b465ee728b)  -> (artifact id: '1dbf83e1f5207aa096821caff6a4c0a2') in 0.018358 seconds 
========================================================================
Received Import Request.
  Time since last request: 0.000023 seconds.
  path: Assets/CustomAssets/Tilemap/tilemap_packed_52.asset
  artifactKey: Guid(76b20bd5ab8364645adace0fb39cc0cf) Importer(815301076,1909f56bfc062723c751e8b465ee728b)
Start importing Assets/CustomAssets/Tilemap/tilemap_packed_52.asset using Guid(76b20bd5ab8364645adace0fb39cc0cf) Importer(815301076,1909f56bfc062723c751e8b465ee728b)  -> (artifact id: 'edded7f49052e19e8bbb96a1d9abeaa7') in 0.012440 seconds 
========================================================================
Received Import Request.
  Time since last request: 0.000031 seconds.
  path: Assets/CustomAssets/Tilemap/tilemap_packed_41.asset
  artifactKey: Guid(a5bd7b4b787bffd4bb73fa3949c159e2) Importer(815301076,1909f56bfc062723c751e8b465ee728b)
Start importing Assets/CustomAssets/Tilemap/tilemap_packed_41.asset using Guid(a5bd7b4b787bffd4bb73fa3949c159e2) Importer(815301076,1909f56bfc062723c751e8b465ee728b)  -> (artifact id: 'd9b1a612d3a5a9e9107853f2f3a0bc6d') in 0.011469 seconds 
========================================================================
Received Import Request.
  Time since last request: 0.000042 seconds.
  path: Assets/CustomAssets/Tilemap/tilemap_packed_76.asset
  artifactKey: Guid(7a0bd48fa68373740a63753e10393dcb) Importer(815301076,1909f56bfc062723c751e8b465ee728b)
Start importing Assets/CustomAssets/Tilemap/tilemap_packed_76.asset using Guid(7a0bd48fa68373740a63753e10393dcb) Importer(815301076,1909f56bfc062723c751e8b465ee728b)  -> (artifact id: 'c79524921a741e60929bfb30058cee3e') in 0.012944 seconds 
========================================================================
Received Import Request.
  Time since last request: 0.000017 seconds.
  path: Assets/CustomAssets/Tilemap/tilemap_packed_7.asset
  artifactKey: Guid(769f12605e6f587499900074da9221c6) Importer(815301076,1909f56bfc062723c751e8b465ee728b)
Start importing Assets/CustomAssets/Tilemap/tilemap_packed_7.asset using Guid(769f12605e6f587499900074da9221c6) Importer(815301076,1909f56bfc062723c751e8b465ee728b)  -> (artifact id: '3a0f1721f60dee9cfb08cb8b2672df0f') in 0.011242 seconds 
========================================================================
Received Import Request.
  Time since last request: 0.000018 seconds.
  path: Assets/CustomAssets/Tilemap/tilemap_packed_17.asset
  artifactKey: Guid(294f2c4b41846ef4f80aa048ed9c32b0) Importer(815301076,1909f56bfc062723c751e8b465ee728b)
Start importing Assets/CustomAssets/Tilemap/tilemap_packed_17.asset using Guid(294f2c4b41846ef4f80aa048ed9c32b0) Importer(815301076,1909f56bfc062723c751e8b465ee728b)  -> (artifact id: '689be56e8c62bda4e10f7a08de083ea7') in 0.012167 seconds 
========================================================================
Received Import Request.
  Time since last request: 0.000035 seconds.
  path: Assets/CustomAssets/Tilemap/tilemap_packed_75.asset
  artifactKey: Guid(401b3f8661b16c346901a6c140fba12f) Importer(815301076,1909f56bfc062723c751e8b465ee728b)
Start importing Assets/CustomAssets/Tilemap/tilemap_packed_75.asset using Guid(401b3f8661b16c346901a6c140fba12f) Importer(815301076,1909f56bfc062723c751e8b465ee728b)  -> (artifact id: '20ac458fea429f95871a8418a9e1650c') in 0.014959 seconds 
========================================================================
Received Import Request.
  Time since last request: 0.000030 seconds.
  path: Assets/CustomAssets/Tilemap/tilemap_packed_40.asset
  artifactKey: Guid(6ee5fb1b4e4b1334aac4a25f771aace6) Importer(815301076,1909f56bfc062723c751e8b465ee728b)
Start importing Assets/CustomAssets/Tilemap/tilemap_packed_40.asset using Guid(6ee5fb1b4e4b1334aac4a25f771aace6) Importer(815301076,1909f56bfc062723c751e8b465ee728b)  -> (artifact id: '40e66b0319ecc5c4a0ee44a8979856f5') in 0.012550 seconds 
========================================================================
Received Import Request.
  Time since last request: 0.000019 seconds.
  path: Assets/CustomAssets/Tilemap/tilemap_packed_42.asset
  artifactKey: Guid(c80690498978acd4a813b98630406dd9) Importer(815301076,1909f56bfc062723c751e8b465ee728b)
Start importing Assets/CustomAssets/Tilemap/tilemap_packed_42.asset using Guid(c80690498978acd4a813b98630406dd9) Importer(815301076,1909f56bfc062723c751e8b465ee728b)  -> (artifact id: '7771b87c9fabe19b8e003d9b0ed550d1') in 0.011213 seconds 
========================================================================
Received Import Request.
  Time since last request: 0.000026 seconds.
  path: Assets/CustomAssets/Tilemap/tilemap_packed_74.asset
  artifactKey: Guid(de12e463277c5be4b8a51f30b93f7f89) Importer(815301076,1909f56bfc062723c751e8b465ee728b)
Start importing Assets/CustomAssets/Tilemap/tilemap_packed_74.asset using Guid(de12e463277c5be4b8a51f30b93f7f89) Importer(815301076,1909f56bfc062723c751e8b465ee728b)  -> (artifact id: '1c74b9a009f8466a02771e7e5daedf46') in 0.014878 seconds 
========================================================================
Received Import Request.
  Time since last request: 0.000025 seconds.
  path: Assets/CustomAssets/Tilemap/tilemap_packed_77.asset
  artifactKey: Guid(54f01b0834e8b5e40a3198f71c663e07) Importer(815301076,1909f56bfc062723c751e8b465ee728b)
Start importing Assets/CustomAssets/Tilemap/tilemap_packed_77.asset using Guid(54f01b0834e8b5e40a3198f71c663e07) Importer(815301076,1909f56bfc062723c751e8b465ee728b)  -> (artifact id: '979ecdafb646b41b0b22f3353347a2b1') in 0.013703 seconds 
========================================================================
Received Import Request.
  Time since last request: 0.000025 seconds.
  path: Assets/CustomAssets/Tilemap/tilemap_packed_25.asset
  artifactKey: Guid(395c233e5e37b4c4f833626a6d488f5b) Importer(815301076,1909f56bfc062723c751e8b465ee728b)
Start importing Assets/CustomAssets/Tilemap/tilemap_packed_25.asset using Guid(395c233e5e37b4c4f833626a6d488f5b) Importer(815301076,1909f56bfc062723c751e8b465ee728b)  -> (artifact id: '9a4ff3be4956ed084e3225d83a04fc9a') in 0.012904 seconds 
========================================================================
Received Import Request.
  Time since last request: 0.000031 seconds.
  path: Assets/CustomAssets/Tilemap/tilemap_packed_65.asset
  artifactKey: Guid(732d7b09135cda949918836730fbc6e6) Importer(815301076,1909f56bfc062723c751e8b465ee728b)
Start importing Assets/CustomAssets/Tilemap/tilemap_packed_65.asset using Guid(732d7b09135cda949918836730fbc6e6) Importer(815301076,1909f56bfc062723c751e8b465ee728b)  -> (artifact id: '0ff1dc630aac8a01d47f7c6314bd48cd') in 0.015270 seconds 
========================================================================
Received Import Request.
  Time since last request: 0.000029 seconds.
  path: Assets/CustomAssets/Tilemap/tilemap_packed_2.asset
  artifactKey: Guid(bb2e9885fe75b29408cee021dc7478de) Importer(815301076,1909f56bfc062723c751e8b465ee728b)
Start importing Assets/CustomAssets/Tilemap/tilemap_packed_2.asset using Guid(bb2e9885fe75b29408cee021dc7478de) Importer(815301076,1909f56bfc062723c751e8b465ee728b)  -> (artifact id: 'dca0144ee6e73bf7ffc2b3c7c50c058a') in 0.011712 seconds 
========================================================================
Received Import Request.
  Time since last request: 16.018262 seconds.
  path: Assets/CustomAssets/Tilemap/tilemap_packed_0.asset
  artifactKey: Guid(834a0fc0527d4a342bcbe41b172e11ce) Importer(815301076,1909f56bfc062723c751e8b465ee728b)
Start importing Assets/CustomAssets/Tilemap/tilemap_packed_0.asset using Guid(834a0fc0527d4a342bcbe41b172e11ce) Importer(815301076,1909f56bfc062723c751e8b465ee728b)  -> (artifact id: 'd6f37f6788b0d1685ac1d960552e0ceb') in 0.006694 seconds 
========================================================================
Received Import Request.
  Time since last request: 0.000022 seconds.
  path: Assets/CustomAssets/Tilemap/tilemap_packed_30.asset
  artifactKey: Guid(12b97c12445cff54ab7c3897431e6b68) Importer(815301076,1909f56bfc062723c751e8b465ee728b)
Start importing Assets/CustomAssets/Tilemap/tilemap_packed_30.asset using Guid(12b97c12445cff54ab7c3897431e6b68) Importer(815301076,1909f56bfc062723c751e8b465ee728b)  -> (artifact id: 'cb093bb26f2d41f9b71de03224ef244d') in 0.006363 seconds 
========================================================================
Received Import Request.
  Time since last request: 0.000023 seconds.
  path: Assets/CustomAssets/Tilemap/tilemap_packed_47.asset
  artifactKey: Guid(5f8570921419e8c49a73f8b928b2eee3) Importer(815301076,1909f56bfc062723c751e8b465ee728b)
Start importing Assets/CustomAssets/Tilemap/tilemap_packed_47.asset using Guid(5f8570921419e8c49a73f8b928b2eee3) Importer(815301076,1909f56bfc062723c751e8b465ee728b)  -> (artifact id: '9c01c77bbad82de43b0f1e4b24f814c6') in 0.008507 seconds 
========================================================================
Received Import Request.
  Time since last request: 0.000015 seconds.
  path: Assets/CustomAssets/Tilemap/tilemap_packed_31.asset
  artifactKey: Guid(0906a5a767ebb6c4eacca091a1d09f4c) Importer(815301076,1909f56bfc062723c751e8b465ee728b)
Start importing Assets/CustomAssets/Tilemap/tilemap_packed_31.asset using Guid(0906a5a767ebb6c4eacca091a1d09f4c) Importer(815301076,1909f56bfc062723c751e8b465ee728b)  -> (artifact id: 'ce478e6929bc04740264ae84bfe9813c') in 0.006577 seconds 
========================================================================
Received Import Request.
  Time since last request: 0.000022 seconds.
  path: Assets/CustomAssets/Tilemap/tilemap_packed_44.asset
  artifactKey: Guid(a8d29f575af13b04ca1925d2c3935198) Importer(815301076,1909f56bfc062723c751e8b465ee728b)
Start importing Assets/CustomAssets/Tilemap/tilemap_packed_44.asset using Guid(a8d29f575af13b04ca1925d2c3935198) Importer(815301076,1909f56bfc062723c751e8b465ee728b)  -> (artifact id: '40d6f535bbb824ee75f1bde7f5b6a301') in 0.006161 seconds 
========================================================================
Received Import Request.
  Time since last request: 0.000017 seconds.
  path: Assets/CustomAssets/Tilemap/tilemap_packed_72.asset
  artifactKey: Guid(0236f4845966aff41949a926ab96e5e5) Importer(815301076,1909f56bfc062723c751e8b465ee728b)
Start importing Assets/CustomAssets/Tilemap/tilemap_packed_72.asset using Guid(0236f4845966aff41949a926ab96e5e5) Importer(815301076,1909f56bfc062723c751e8b465ee728b)  -> (artifact id: 'e46c3a42f9d9cd0d8cfbe43769f2ad97') in 0.007733 seconds 
========================================================================
Received Import Request.
  Time since last request: 0.000019 seconds.
  path: Assets/CustomAssets/Tilemap/tilemap_packed_28.asset
  artifactKey: Guid(911185a7e6457f14086eaf471283d364) Importer(815301076,1909f56bfc062723c751e8b465ee728b)
Start importing Assets/CustomAssets/Tilemap/tilemap_packed_28.asset using Guid(911185a7e6457f14086eaf471283d364) Importer(815301076,1909f56bfc062723c751e8b465ee728b)  -> (artifact id: '2a81192c1ee1496ca49858c2cd92bdd1') in 0.010066 seconds 
========================================================================
Received Import Request.
  Time since last request: 0.000023 seconds.
  path: Assets/CustomAssets/Tilemap/tilemap_packed_21.asset
  artifactKey: Guid(1f47264fbf9ec4e4694107b3074fc166) Importer(815301076,1909f56bfc062723c751e8b465ee728b)
Start importing Assets/CustomAssets/Tilemap/tilemap_packed_21.asset using Guid(1f47264fbf9ec4e4694107b3074fc166) Importer(815301076,1909f56bfc062723c751e8b465ee728b)  -> (artifact id: 'bbf214d0028aa23cb9f0c91076ec52ad') in 0.008462 seconds 
========================================================================
Received Import Request.
  Time since last request: 0.000015 seconds.
  path: Assets/CustomAssets/Tilemap/tilemap_packed_69.asset
  artifactKey: Guid(5d42a93c5b90e2d4eb7a8755e02d3cb8) Importer(815301076,1909f56bfc062723c751e8b465ee728b)
Start importing Assets/CustomAssets/Tilemap/tilemap_packed_69.asset using Guid(5d42a93c5b90e2d4eb7a8755e02d3cb8) Importer(815301076,1909f56bfc062723c751e8b465ee728b)  -> (artifact id: '3c6cdd779468cb13b1d00369f8b60f52') in 0.010882 seconds 
========================================================================
Received Import Request.
  Time since last request: 0.000017 seconds.
  path: Assets/CustomAssets/Tilemap/tilemap_packed_62.asset
  artifactKey: Guid(5950d7c25e6e96d4f854724ec137cf14) Importer(815301076,1909f56bfc062723c751e8b465ee728b)
Start importing Assets/CustomAssets/Tilemap/tilemap_packed_62.asset using Guid(5950d7c25e6e96d4f854724ec137cf14) Importer(815301076,1909f56bfc062723c751e8b465ee728b)  -> (artifact id: '412f0792a45a868dce197b4c6df7f9eb') in 0.006028 seconds 
========================================================================
Received Import Request.
  Time since last request: 0.000017 seconds.
  path: Assets/CustomAssets/Tilemap/tilemap_packed_34.asset
  artifactKey: Guid(9f80e932dc6376442886e2d5f2277ee4) Importer(815301076,1909f56bfc062723c751e8b465ee728b)
Start importing Assets/CustomAssets/Tilemap/tilemap_packed_34.asset using Guid(9f80e932dc6376442886e2d5f2277ee4) Importer(815301076,1909f56bfc062723c751e8b465ee728b)  -> (artifact id: '54741552afe3b2a648a9c87a15691316') in 0.012431 seconds 
========================================================================
Received Import Request.
  Time since last request: 0.000026 seconds.
  path: Assets/CustomAssets/Tilemap/tilemap_packed_55.asset
  artifactKey: Guid(e80d03b7618a41942984c9fd5d5f8ad8) Importer(815301076,1909f56bfc062723c751e8b465ee728b)
Start importing Assets/CustomAssets/Tilemap/tilemap_packed_55.asset using Guid(e80d03b7618a41942984c9fd5d5f8ad8) Importer(815301076,1909f56bfc062723c751e8b465ee728b)  -> (artifact id: 'c79eb99e186cc46d386f9ddc153856d7') in 0.006908 seconds 
========================================================================
Received Import Request.
  Time since last request: 0.000027 seconds.
  path: Assets/CustomAssets/Tilemap/tilemap_packed_20.asset
  artifactKey: Guid(4606843e3afb848479a165cab7400025) Importer(815301076,1909f56bfc062723c751e8b465ee728b)
Start importing Assets/CustomAssets/Tilemap/tilemap_packed_20.asset using Guid(4606843e3afb848479a165cab7400025) Importer(815301076,1909f56bfc062723c751e8b465ee728b)  -> (artifact id: 'a9a4f44440cae65a97a8fb9e38f33c4a') in 0.006628 seconds 
========================================================================
Received Import Request.
  Time since last request: 0.000024 seconds.
  path: Assets/CustomAssets/Tilemap/tilemap_packed_39.asset
  artifactKey: Guid(b8d88c2d50ddd504ca5591be60acd778) Importer(815301076,1909f56bfc062723c751e8b465ee728b)
Start importing Assets/CustomAssets/Tilemap/tilemap_packed_39.asset using Guid(b8d88c2d50ddd504ca5591be60acd778) Importer(815301076,1909f56bfc062723c751e8b465ee728b)  -> (artifact id: 'e05d3af9e53006d95c207547febb96ba') in 0.006876 seconds 
========================================================================
Received Import Request.
  Time since last request: 0.000024 seconds.
  path: Assets/CustomAssets/Tilemap/tilemap_packed_3.asset
  artifactKey: Guid(52fa0a188758ede458ce24b8be71881b) Importer(815301076,1909f56bfc062723c751e8b465ee728b)
Start importing Assets/CustomAssets/Tilemap/tilemap_packed_3.asset using Guid(52fa0a188758ede458ce24b8be71881b) Importer(815301076,1909f56bfc062723c751e8b465ee728b)  -> (artifact id: '53afdabc563dc7ddb154f6c58d0878b3') in 0.006688 seconds 
========================================================================
Received Import Request.
  Time since last request: 0.000020 seconds.
  path: Assets/CustomAssets/Tilemap/tilemap_packed_23.asset
  artifactKey: Guid(9a3864e47682dcf4c9e50376c5fddc03) Importer(815301076,1909f56bfc062723c751e8b465ee728b)
Start importing Assets/CustomAssets/Tilemap/tilemap_packed_23.asset using Guid(9a3864e47682dcf4c9e50376c5fddc03) Importer(815301076,1909f56bfc062723c751e8b465ee728b)  -> (artifact id: '35119844c95a91af5759e7ecba2340cb') in 0.011089 seconds 
========================================================================
Received Import Request.
  Time since last request: 0.000021 seconds.
  path: Assets/CustomAssets/Tilemap/tilemap_packed_32.asset
  artifactKey: Guid(4e205c73d465313439dbb95be67ea45e) Importer(815301076,1909f56bfc062723c751e8b465ee728b)
Start importing Assets/CustomAssets/Tilemap/tilemap_packed_32.asset using Guid(4e205c73d465313439dbb95be67ea45e) Importer(815301076,1909f56bfc062723c751e8b465ee728b)  -> (artifact id: 'c752fd64f8a0d07288bcf51190fc5a3d') in 0.006844 seconds 
========================================================================
Received Import Request.
  Time since last request: 0.000017 seconds.
  path: Assets/CustomAssets/Tilemap/tilemap_packed_13.asset
  artifactKey: Guid(e1f09bb615b5c32418e273fdc5e40d36) Importer(815301076,1909f56bfc062723c751e8b465ee728b)
Start importing Assets/CustomAssets/Tilemap/tilemap_packed_13.asset using Guid(e1f09bb615b5c32418e273fdc5e40d36) Importer(815301076,1909f56bfc062723c751e8b465ee728b)  -> (artifact id: 'c2c4c5421e940220228b7c637b403df2') in 0.005295 seconds 
========================================================================
Received Import Request.
  Time since last request: 0.000019 seconds.
  path: Assets/CustomAssets/Tilemap/tilemap_packed_64.asset
  artifactKey: Guid(4a77e8ec92275a648ada89987865a591) Importer(815301076,1909f56bfc062723c751e8b465ee728b)
Start importing Assets/CustomAssets/Tilemap/tilemap_packed_64.asset using Guid(4a77e8ec92275a648ada89987865a591) Importer(815301076,1909f56bfc062723c751e8b465ee728b)  -> (artifact id: '50e2db619813a9dc9be4958bc39adb12') in 0.007088 seconds 
========================================================================
Received Import Request.
  Time since last request: 0.000015 seconds.
  path: Assets/CustomAssets/Tilemap/tilemap_packed_68.asset
  artifactKey: Guid(64de0587cd038ef48ab95cfeed65bde6) Importer(815301076,1909f56bfc062723c751e8b465ee728b)
Start importing Assets/CustomAssets/Tilemap/tilemap_packed_68.asset using Guid(64de0587cd038ef48ab95cfeed65bde6) Importer(815301076,1909f56bfc062723c751e8b465ee728b)  -> (artifact id: '6763645da96e06bdc280e7fd23d4dc28') in 0.005132 seconds 
========================================================================
Received Import Request.
  Time since last request: 0.000022 seconds.
  path: Assets/CustomAssets/Tilemap/tilemap_packed_10.asset
  artifactKey: Guid(2d588a20fcc4339459b804ef9a3fca9d) Importer(815301076,1909f56bfc062723c751e8b465ee728b)
Start importing Assets/CustomAssets/Tilemap/tilemap_packed_10.asset using Guid(2d588a20fcc4339459b804ef9a3fca9d) Importer(815301076,1909f56bfc062723c751e8b465ee728b)  -> (artifact id: 'becd3a3c704f8e8098ece662cf47e014') in 0.006224 seconds 
========================================================================
Received Import Request.
  Time since last request: 0.000016 seconds.
  path: Assets/CustomAssets/Tilemap/tilemap_packed_4.asset
  artifactKey: Guid(990fb8ce7ed93d846811843bb700cda3) Importer(815301076,1909f56bfc062723c751e8b465ee728b)
Start importing Assets/CustomAssets/Tilemap/tilemap_packed_4.asset using Guid(990fb8ce7ed93d846811843bb700cda3) Importer(815301076,1909f56bfc062723c751e8b465ee728b)  -> (artifact id: 'd20f7fbeafbba19a381144d005287b91') in 0.012087 seconds 
========================================================================
Received Import Request.
  Time since last request: 0.000017 seconds.
  path: Assets/CustomAssets/Tilemap/tilemap_packed_18.asset
  artifactKey: Guid(f86ad1c31cb82d74db30b9b5daa2e35d) Importer(815301076,1909f56bfc062723c751e8b465ee728b)
Start importing Assets/CustomAssets/Tilemap/tilemap_packed_18.asset using Guid(f86ad1c31cb82d74db30b9b5daa2e35d) Importer(815301076,1909f56bfc062723c751e8b465ee728b)  -> (artifact id: '6c0d4295641dd0ef4d46defc7b1cbc5a') in 0.005664 seconds 
========================================================================
Received Import Request.
  Time since last request: 0.000023 seconds.
  path: Assets/CustomAssets/Tilemap/tilemap_packed_67.asset
  artifactKey: Guid(75c9de5895d91ab49babe940af5d0a9c) Importer(815301076,1909f56bfc062723c751e8b465ee728b)
Start importing Assets/CustomAssets/Tilemap/tilemap_packed_67.asset using Guid(75c9de5895d91ab49babe940af5d0a9c) Importer(815301076,1909f56bfc062723c751e8b465ee728b)  -> (artifact id: 'd98ba80db2de454f0298fdbc0e3b6003') in 0.009544 seconds 
========================================================================
Received Import Request.
  Time since last request: 0.000029 seconds.
  path: Assets/CustomAssets/Tilemap/tilemap_packed_76.asset
  artifactKey: Guid(7a0bd48fa68373740a63753e10393dcb) Importer(815301076,1909f56bfc062723c751e8b465ee728b)
Start importing Assets/CustomAssets/Tilemap/tilemap_packed_76.asset using Guid(7a0bd48fa68373740a63753e10393dcb) Importer(815301076,1909f56bfc062723c751e8b465ee728b)  -> (artifact id: '60079bac3facc49d18a24e59e5be7d14') in 0.005764 seconds 
========================================================================
Received Import Request.
  Time since last request: 0.000026 seconds.
  path: Assets/CustomAssets/Tilemap/tilemap_packed_73.asset
  artifactKey: Guid(b1f080ec98607f741b567a3a5eade5f4) Importer(815301076,1909f56bfc062723c751e8b465ee728b)
Start importing Assets/CustomAssets/Tilemap/tilemap_packed_73.asset using Guid(b1f080ec98607f741b567a3a5eade5f4) Importer(815301076,1909f56bfc062723c751e8b465ee728b)  -> (artifact id: '79686f6a13242ad3dcda28d0230870a0') in 0.006501 seconds 
========================================================================
Received Import Request.
  Time since last request: 0.000021 seconds.
  path: Assets/CustomAssets/Tilemap/tilemap_packed_17.asset
  artifactKey: Guid(294f2c4b41846ef4f80aa048ed9c32b0) Importer(815301076,1909f56bfc062723c751e8b465ee728b)
Start importing Assets/CustomAssets/Tilemap/tilemap_packed_17.asset using Guid(294f2c4b41846ef4f80aa048ed9c32b0) Importer(815301076,1909f56bfc062723c751e8b465ee728b)  -> (artifact id: '044066ca9b7d64a63104d62c4b2d6b79') in 0.010576 seconds 
========================================================================
Received Import Request.
  Time since last request: 0.000024 seconds.
  path: Assets/CustomAssets/Tilemap/tilemap_packed_36.asset
  artifactKey: Guid(4d852c47e44bb7342a722093b25bd1e7) Importer(815301076,1909f56bfc062723c751e8b465ee728b)
Start importing Assets/CustomAssets/Tilemap/tilemap_packed_36.asset using Guid(4d852c47e44bb7342a722093b25bd1e7) Importer(815301076,1909f56bfc062723c751e8b465ee728b)  -> (artifact id: 'af6bd8ba1dc3a4dcebf817a9a6227274') in 0.005938 seconds 
========================================================================
Received Import Request.
  Time since last request: 0.000029 seconds.
  path: Assets/CustomAssets/Tilemap/tilemap_packed_70.asset
  artifactKey: Guid(c77f65dd6bce7c743aea88c2c2269dbd) Importer(815301076,1909f56bfc062723c751e8b465ee728b)
Start importing Assets/CustomAssets/Tilemap/tilemap_packed_70.asset using Guid(c77f65dd6bce7c743aea88c2c2269dbd) Importer(815301076,1909f56bfc062723c751e8b465ee728b)  -> (artifact id: '0aa6d5610fea89cb5734cf0f4f38b48f') in 0.007291 seconds 
========================================================================
Received Import Request.
  Time since last request: 0.000018 seconds.
  path: Assets/CustomAssets/Tilemap/tilemap_packed_61.asset
  artifactKey: Guid(1d16e4ecc49d00e4487d9912f9a3aaf6) Importer(815301076,1909f56bfc062723c751e8b465ee728b)
Start importing Assets/CustomAssets/Tilemap/tilemap_packed_61.asset using Guid(1d16e4ecc49d00e4487d9912f9a3aaf6) Importer(815301076,1909f56bfc062723c751e8b465ee728b)  -> (artifact id: '1ade9eff60fc172b8b318d450d833599') in 0.005733 seconds 
========================================================================
Received Import Request.
  Time since last request: 0.000020 seconds.
  path: Assets/CustomAssets/Tilemap/tilemap_packed_24.asset
  artifactKey: Guid(00680f4e32035bf478279cb7e5613104) Importer(815301076,1909f56bfc062723c751e8b465ee728b)
Start importing Assets/CustomAssets/Tilemap/tilemap_packed_24.asset using Guid(00680f4e32035bf478279cb7e5613104) Importer(815301076,1909f56bfc062723c751e8b465ee728b)  -> (artifact id: '90ba1892743458f584f6a7ab9e4356ac') in 0.006073 seconds 
========================================================================
Received Import Request.
  Time since last request: 0.000021 seconds.
  path: Assets/CustomAssets/Tilemap/tilemap_packed_2.asset
  artifactKey: Guid(bb2e9885fe75b29408cee021dc7478de) Importer(815301076,1909f56bfc062723c751e8b465ee728b)
Start importing Assets/CustomAssets/Tilemap/tilemap_packed_2.asset using Guid(bb2e9885fe75b29408cee021dc7478de) Importer(815301076,1909f56bfc062723c751e8b465ee728b)  -> (artifact id: '1f7617616660ac676b34d960a700a606') in 0.004845 seconds 
========================================================================
Received Import Request.
  Time since last request: 12.006338 seconds.
  path: Assets/CustomAssets/Tilemap/tilemap_packed_0.asset
  artifactKey: Guid(834a0fc0527d4a342bcbe41b172e11ce) Importer(815301076,1909f56bfc062723c751e8b465ee728b)
Start importing Assets/CustomAssets/Tilemap/tilemap_packed_0.asset using Guid(834a0fc0527d4a342bcbe41b172e11ce) Importer(815301076,1909f56bfc062723c751e8b465ee728b)  -> (artifact id: '1d4f73473e90c75a7372a21bc1e03b9e') in 0.007425 seconds 
========================================================================
Received Import Request.
  Time since last request: 0.000017 seconds.
  path: Assets/CustomAssets/Tilemap/tilemap_packed_31.asset
  artifactKey: Guid(0906a5a767ebb6c4eacca091a1d09f4c) Importer(815301076,1909f56bfc062723c751e8b465ee728b)
Start importing Assets/CustomAssets/Tilemap/tilemap_packed_31.asset using Guid(0906a5a767ebb6c4eacca091a1d09f4c) Importer(815301076,1909f56bfc062723c751e8b465ee728b)  -> (artifact id: '5e2496e5fa2dea5661c36c8b2dc43ff1') in 0.005959 seconds 
========================================================================
Received Import Request.
  Time since last request: 0.000037 seconds.
  path: Assets/CustomAssets/Tilemap/tilemap_packed_44.asset
  artifactKey: Guid(a8d29f575af13b04ca1925d2c3935198) Importer(815301076,1909f56bfc062723c751e8b465ee728b)
Start importing Assets/CustomAssets/Tilemap/tilemap_packed_44.asset using Guid(a8d29f575af13b04ca1925d2c3935198) Importer(815301076,1909f56bfc062723c751e8b465ee728b)  -> (artifact id: '61f7cb83bea7d14716d382c8c91a325d') in 0.006903 seconds 
========================================================================
Received Import Request.
  Time since last request: 0.000021 seconds.
  path: Assets/CustomAssets/Tilemap/tilemap_packed_72.asset
  artifactKey: Guid(0236f4845966aff41949a926ab96e5e5) Importer(815301076,1909f56bfc062723c751e8b465ee728b)
Start importing Assets/CustomAssets/Tilemap/tilemap_packed_72.asset using Guid(0236f4845966aff41949a926ab96e5e5) Importer(815301076,1909f56bfc062723c751e8b465ee728b)  -> (artifact id: '3ff150556e00f8547a1ff96644c364a5') in 0.008048 seconds 
========================================================================
Received Import Request.
  Time since last request: 0.000017 seconds.
  path: Assets/CustomAssets/Tilemap/tilemap_packed_8.asset
  artifactKey: Guid(bfb80939e5ec0284d9f83c1b352312b7) Importer(815301076,1909f56bfc062723c751e8b465ee728b)
Start importing Assets/CustomAssets/Tilemap/tilemap_packed_8.asset using Guid(bfb80939e5ec0284d9f83c1b352312b7) Importer(815301076,1909f56bfc062723c751e8b465ee728b)  -> (artifact id: '8b45a56ee2c93ea0550fcb784e0221d9') in 0.011208 seconds 
========================================================================
Received Import Request.
  Time since last request: 0.000015 seconds.
  path: Assets/CustomAssets/Tilemap/tilemap_packed_60.asset
  artifactKey: Guid(c03f4b46d2b290c48ae3946b8a90eac2) Importer(815301076,1909f56bfc062723c751e8b465ee728b)
Start importing Assets/CustomAssets/Tilemap/tilemap_packed_60.asset using Guid(c03f4b46d2b290c48ae3946b8a90eac2) Importer(815301076,1909f56bfc062723c751e8b465ee728b)  -> (artifact id: '1495c395ed52a1c8576a5bde4c27209a') in 0.006335 seconds 
========================================================================
Received Import Request.
  Time since last request: 0.000020 seconds.
  path: Assets/CustomAssets/Tilemap/tilemap_packed_9.asset
  artifactKey: Guid(6e466c5cee4a6734daa325d1eb5b134f) Importer(815301076,1909f56bfc062723c751e8b465ee728b)
Start importing Assets/CustomAssets/Tilemap/tilemap_packed_9.asset using Guid(6e466c5cee4a6734daa325d1eb5b134f) Importer(815301076,1909f56bfc062723c751e8b465ee728b)  -> (artifact id: 'eeb6911ce224fa4a9be41fda0af3197f') in 0.007831 seconds 
========================================================================
Received Import Request.
  Time since last request: 0.000035 seconds.
  path: Assets/CustomAssets/Tilemap/tilemap_packed_62.asset
  artifactKey: Guid(5950d7c25e6e96d4f854724ec137cf14) Importer(815301076,1909f56bfc062723c751e8b465ee728b)
Start importing Assets/CustomAssets/Tilemap/tilemap_packed_62.asset using Guid(5950d7c25e6e96d4f854724ec137cf14) Importer(815301076,1909f56bfc062723c751e8b465ee728b)  -> (artifact id: '5eea5d1c704a240277210cd893a1245a') in 0.006510 seconds 
========================================================================
Received Import Request.
  Time since last request: 0.000017 seconds.
  path: Assets/CustomAssets/Tilemap/tilemap_packed_15.asset
  artifactKey: Guid(a1a10f1ca8d9aa947844ce2469e354c1) Importer(815301076,1909f56bfc062723c751e8b465ee728b)
Start importing Assets/CustomAssets/Tilemap/tilemap_packed_15.asset using Guid(a1a10f1ca8d9aa947844ce2469e354c1) Importer(815301076,1909f56bfc062723c751e8b465ee728b)  -> (artifact id: 'b9f2b88861bea5670eb014244a75ec75') in 0.005529 seconds 
========================================================================
Received Import Request.
  Time since last request: 0.000034 seconds.
  path: Assets/CustomAssets/Tilemap/tilemap_packed_33.asset
  artifactKey: Guid(0024ef5731272c44089e27a208efd618) Importer(815301076,1909f56bfc062723c751e8b465ee728b)
Start importing Assets/CustomAssets/Tilemap/tilemap_packed_33.asset using Guid(0024ef5731272c44089e27a208efd618) Importer(815301076,1909f56bfc062723c751e8b465ee728b)  -> (artifact id: '62b2d70c2c84b4b63a2ef7f23800f26a') in 0.008649 seconds 
========================================================================
Received Import Request.
  Time since last request: 0.000018 seconds.
  path: Assets/CustomAssets/Tilemap/tilemap_packed_35.asset
  artifactKey: Guid(66804281df76a684e9f9954a2261f7f9) Importer(815301076,1909f56bfc062723c751e8b465ee728b)
Start importing Assets/CustomAssets/Tilemap/tilemap_packed_35.asset using Guid(66804281df76a684e9f9954a2261f7f9) Importer(815301076,1909f56bfc062723c751e8b465ee728b)  -> (artifact id: '02ddc350400d065f3c3a0d4ea203939b') in 0.011529 seconds 
========================================================================
Received Import Request.
  Time since last request: 0.000023 seconds.
  path: Assets/CustomAssets/Tilemap/tilemap_packed_6.asset
  artifactKey: Guid(c842e7f432989704589e891ff548e832) Importer(815301076,1909f56bfc062723c751e8b465ee728b)
Start importing Assets/CustomAssets/Tilemap/tilemap_packed_6.asset using Guid(c842e7f432989704589e891ff548e832) Importer(815301076,1909f56bfc062723c751e8b465ee728b)  -> (artifact id: 'e056e73fe590fcdca51a31f785ef0720') in 0.008309 seconds 
========================================================================
Received Import Request.
  Time since last request: 0.000030 seconds.
  path: Assets/CustomAssets/Tilemap/tilemap_packed_37.asset
  artifactKey: Guid(004a2a30d2e337d4ba62d9da055b9346) Importer(815301076,1909f56bfc062723c751e8b465ee728b)
Start importing Assets/CustomAssets/Tilemap/tilemap_packed_37.asset using Guid(004a2a30d2e337d4ba62d9da055b9346) Importer(815301076,1909f56bfc062723c751e8b465ee728b)  -> (artifact id: 'f9095915d95801f655cfc035fb27d5ba') in 0.008256 seconds 
========================================================================
Received Import Request.
  Time since last request: 0.000017 seconds.
  path: Assets/CustomAssets/Tilemap/tilemap_packed_57.asset
  artifactKey: Guid(f10909289ef37a749b329454edeca354) Importer(815301076,1909f56bfc062723c751e8b465ee728b)
Start importing Assets/CustomAssets/Tilemap/tilemap_packed_57.asset using Guid(f10909289ef37a749b329454edeca354) Importer(815301076,1909f56bfc062723c751e8b465ee728b)  -> (artifact id: '52e0a1eea44b3dbd42a7bda98f9e5816') in 0.009946 seconds 
========================================================================
Received Import Request.
  Time since last request: 0.000021 seconds.
  path: Assets/CustomAssets/Tilemap/tilemap_packed_46.asset
  artifactKey: Guid(ab94fe81ff6ea0649a28788a4a967747) Importer(815301076,1909f56bfc062723c751e8b465ee728b)
Start importing Assets/CustomAssets/Tilemap/tilemap_packed_46.asset using Guid(ab94fe81ff6ea0649a28788a4a967747) Importer(815301076,1909f56bfc062723c751e8b465ee728b)  -> (artifact id: '1f2fd6428e7449b7d3838f3a88d62443') in 0.012417 seconds 
========================================================================
Received Import Request.
  Time since last request: 0.000020 seconds.
  path: Assets/CustomAssets/Tilemap/tilemap_packed_64.asset
  artifactKey: Guid(4a77e8ec92275a648ada89987865a591) Importer(815301076,1909f56bfc062723c751e8b465ee728b)
Start importing Assets/CustomAssets/Tilemap/tilemap_packed_64.asset using Guid(4a77e8ec92275a648ada89987865a591) Importer(815301076,1909f56bfc062723c751e8b465ee728b)  -> (artifact id: 'ac54161b07ffb05a5c3a43288a178691') in 0.006410 seconds 
========================================================================
Received Import Request.
  Time since last request: 0.000024 seconds.
  path: Assets/CustomAssets/Tilemap/tilemap_packed_14.asset
  artifactKey: Guid(6ed37f3a7b2f94f4b9d76fc340fc1235) Importer(815301076,1909f56bfc062723c751e8b465ee728b)
Start importing Assets/CustomAssets/Tilemap/tilemap_packed_14.asset using Guid(6ed37f3a7b2f94f4b9d76fc340fc1235) Importer(815301076,1909f56bfc062723c751e8b465ee728b)  -> (artifact id: '0ac399915b63641ceaabc5fbe1ed7298') in 0.011618 seconds 
========================================================================
Received Import Request.
  Time since last request: 0.000041 seconds.
  path: Assets/CustomAssets/Tilemap/tilemap_packed_4.asset
  artifactKey: Guid(990fb8ce7ed93d846811843bb700cda3) Importer(815301076,1909f56bfc062723c751e8b465ee728b)
Start importing Assets/CustomAssets/Tilemap/tilemap_packed_4.asset using Guid(990fb8ce7ed93d846811843bb700cda3) Importer(815301076,1909f56bfc062723c751e8b465ee728b)  -> (artifact id: '41797a9defdea5ea1c2a924f232dd9e8') in 0.013601 seconds 
========================================================================
Received Import Request.
  Time since last request: 0.000021 seconds.
  path: Assets/CustomAssets/Tilemap/tilemap_packed_51.asset
  artifactKey: Guid(31d92bc8f9eab5546b77a397033e869b) Importer(815301076,1909f56bfc062723c751e8b465ee728b)
Start importing Assets/CustomAssets/Tilemap/tilemap_packed_51.asset using Guid(31d92bc8f9eab5546b77a397033e869b) Importer(815301076,1909f56bfc062723c751e8b465ee728b)  -> (artifact id: '9e9e5157dee0d51b9fa75df8ac8f6799') in 0.016066 seconds 
========================================================================
Received Import Request.
  Time since last request: 0.000028 seconds.
  path: Assets/CustomAssets/Tilemap/tilemap_packed_52.asset
  artifactKey: Guid(76b20bd5ab8364645adace0fb39cc0cf) Importer(815301076,1909f56bfc062723c751e8b465ee728b)
Start importing Assets/CustomAssets/Tilemap/tilemap_packed_52.asset using Guid(76b20bd5ab8364645adace0fb39cc0cf) Importer(815301076,1909f56bfc062723c751e8b465ee728b)  -> (artifact id: '222e1a4458d53ea5281ce20c903984c9') in 0.007126 seconds 
========================================================================
Received Import Request.
  Time since last request: 0.000018 seconds.
  path: Assets/CustomAssets/Tilemap/tilemap_packed_73.asset
  artifactKey: Guid(b1f080ec98607f741b567a3a5eade5f4) Importer(815301076,1909f56bfc062723c751e8b465ee728b)
Start importing Assets/CustomAssets/Tilemap/tilemap_packed_73.asset using Guid(b1f080ec98607f741b567a3a5eade5f4) Importer(815301076,1909f56bfc062723c751e8b465ee728b)  -> (artifact id: 'fed790909666a36c312e63b6a5978c38') in 0.006044 seconds 
========================================================================
Received Import Request.
  Time since last request: 0.000016 seconds.
  path: Assets/CustomAssets/Tilemap/tilemap_packed_7.asset
  artifactKey: Guid(769f12605e6f587499900074da9221c6) Importer(815301076,1909f56bfc062723c751e8b465ee728b)
Start importing Assets/CustomAssets/Tilemap/tilemap_packed_7.asset using Guid(769f12605e6f587499900074da9221c6) Importer(815301076,1909f56bfc062723c751e8b465ee728b)  -> (artifact id: '7c3362a4eedc52dbfc17619c91709764') in 0.005996 seconds 
========================================================================
Received Import Request.
  Time since last request: 0.000018 seconds.
  path: Assets/CustomAssets/Tilemap/tilemap_packed_17.asset
  artifactKey: Guid(294f2c4b41846ef4f80aa048ed9c32b0) Importer(815301076,1909f56bfc062723c751e8b465ee728b)
Start importing Assets/CustomAssets/Tilemap/tilemap_packed_17.asset using Guid(294f2c4b41846ef4f80aa048ed9c32b0) Importer(815301076,1909f56bfc062723c751e8b465ee728b)  -> (artifact id: '1f9423dd88885c6599dd3bd259c50b3f') in 0.012715 seconds 
========================================================================
Received Import Request.
  Time since last request: 0.000020 seconds.
  path: Assets/CustomAssets/Tilemap/tilemap_packed_36.asset
  artifactKey: Guid(4d852c47e44bb7342a722093b25bd1e7) Importer(815301076,1909f56bfc062723c751e8b465ee728b)
Start importing Assets/CustomAssets/Tilemap/tilemap_packed_36.asset using Guid(4d852c47e44bb7342a722093b25bd1e7) Importer(815301076,1909f56bfc062723c751e8b465ee728b)  -> (artifact id: '18c0e4b8815948ea3d73b310aaf5b04f') in 0.005102 seconds 
========================================================================
Received Import Request.
  Time since last request: 0.000018 seconds.
  path: Assets/CustomAssets/Tilemap/tilemap_packed_70.asset
  artifactKey: Guid(c77f65dd6bce7c743aea88c2c2269dbd) Importer(815301076,1909f56bfc062723c751e8b465ee728b)
Start importing Assets/CustomAssets/Tilemap/tilemap_packed_70.asset using Guid(c77f65dd6bce7c743aea88c2c2269dbd) Importer(815301076,1909f56bfc062723c751e8b465ee728b)  -> (artifact id: '0fbcb29602e0e8b870b48e14c100a2e4') in 0.005393 seconds 
========================================================================
Received Import Request.
  Time since last request: 0.000034 seconds.
  path: Assets/CustomAssets/Tilemap/tilemap_packed_77.asset
  artifactKey: Guid(54f01b0834e8b5e40a3198f71c663e07) Importer(815301076,1909f56bfc062723c751e8b465ee728b)
Start importing Assets/CustomAssets/Tilemap/tilemap_packed_77.asset using Guid(54f01b0834e8b5e40a3198f71c663e07) Importer(815301076,1909f56bfc062723c751e8b465ee728b)  -> (artifact id: '3f085d6bf7bf12db7dd24bee2d3fd8bc') in 0.011420 seconds 
========================================================================
Received Import Request.
  Time since last request: 0.000015 seconds.
  path: Assets/CustomAssets/Tilemap/tilemap_packed_65.asset
  artifactKey: Guid(732d7b09135cda949918836730fbc6e6) Importer(815301076,1909f56bfc062723c751e8b465ee728b)
Start importing Assets/CustomAssets/Tilemap/tilemap_packed_65.asset using Guid(732d7b09135cda949918836730fbc6e6) Importer(815301076,1909f56bfc062723c751e8b465ee728b)  -> (artifact id: '59a2d05c59b9f470e3abd02b0bfe86a0') in 0.005745 seconds 
Editor requested this worker to shutdown with reason: Scaling down because of idle timeout
AssetImportWorker is now disconnected from the server
Process exiting
Exiting without the bug reporter. Application will terminate with return code 0