Using pre-set license
Built from '2021.3/staging' branch; Version is '2021.3.15f1 (e8e88683f834) revision 15263878'; Using compiler version '192829333'; Build Type 'Release'
OS: 'Windows 11  (10.0.22621) 64bit Core' Language: 'en' Physical Memory: 16286 MB
BatchMode: 1, IsHumanControllingUs: 0, StartBugReporterOnCrash: 0, Is64bit: 1, IsPro: 1

COMMAND LINE ARGUMENTS:
C:\Program Files\Unity\Hub\Editor\2021.3.15f1\Editor\Unity.exe
-adb2
-batchMode
-noUpm
-name
AssetImportWorker3
-projectPath
D:/Project Archive/Side-Quest/Project Side Quest
-logFile
Logs/AssetImportWorker3.log
-srvPort
54552
Successfully changed project path to: D:/Project Archive/Side-Quest/Project Side Quest
D:/Project Archive/Side-Quest/Project Side Quest
[UnityMemory] Configuration Parameters - Can be set up in boot.config
    "memorysetup-bucket-allocator-granularity=16"
    "memorysetup-bucket-allocator-bucket-count=8"
    "memorysetup-bucket-allocator-block-size=33554432"
    "memorysetup-bucket-allocator-block-count=8"
    "memorysetup-main-allocator-block-size=16777216"
    "memorysetup-thread-allocator-block-size=16777216"
    "memorysetup-gfx-main-allocator-block-size=16777216"
    "memorysetup-gfx-thread-allocator-block-size=16777216"
    "memorysetup-cache-allocator-block-size=4194304"
    "memorysetup-typetree-allocator-block-size=2097152"
    "memorysetup-profiler-bucket-allocator-granularity=16"
    "memorysetup-profiler-bucket-allocator-bucket-count=8"
    "memorysetup-profiler-bucket-allocator-block-size=33554432"
    "memorysetup-profiler-bucket-allocator-block-count=8"
    "memorysetup-profiler-allocator-block-size=16777216"
    "memorysetup-profiler-editor-allocator-block-size=1048576"
    "memorysetup-temp-allocator-size-main=16777216"
    "memorysetup-job-temp-allocator-block-size=2097152"
    "memorysetup-job-temp-allocator-block-size-background=1048576"
    "memorysetup-job-temp-allocator-reduction-small-platforms=262144"
    "memorysetup-temp-allocator-size-background-worker=32768"
    "memorysetup-temp-allocator-size-job-worker=262144"
    "memorysetup-temp-allocator-size-preload-manager=33554432"
    "memorysetup-temp-allocator-size-nav-mesh-worker=65536"
    "memorysetup-temp-allocator-size-audio-worker=65536"
    "memorysetup-temp-allocator-size-cloud-worker=32768"
    "memorysetup-temp-allocator-size-gi-baking-worker=262144"
    "memorysetup-temp-allocator-size-gfx=262144"
Player connection [27544] Host "[IP] 192.168.0.41 [Port] 0 [Flags] 2 [Guid] 1986266857 [EditorId] 1986266857 [Version] 1048832 [Id] WindowsEditor(7,LAPTOP-CRIS38R2) [Debug] 1 [PackageName] WindowsEditor [ProjectName] Editor" joined multi-casting on [225.0.0.222:54997]...

Player connection [27544] Host "[IP] 192.168.0.41 [Port] 0 [Flags] 2 [Guid] 1986266857 [EditorId] 1986266857 [Version] 1048832 [Id] WindowsEditor(7,LAPTOP-CRIS38R2) [Debug] 1 [PackageName] WindowsEditor [ProjectName] Editor" joined alternative multi-casting on [225.0.0.222:34997]...

Refreshing native plugins compatible for Editor in 78.94 ms, found 2 plugins.
Preloading 0 native plugins for Editor in 0.00 ms.
Initialize engine version: 2021.3.15f1 (e8e88683f834)
[Subsystems] Discovering subsystems at path C:/Program Files/Unity/Hub/Editor/2021.3.15f1/Editor/Data/Resources/UnitySubsystems
[Subsystems] Discovering subsystems at path D:/Project Archive/Side-Quest/Project Side Quest/Assets
GfxDevice: creating device client; threaded=0; jobified=0
Direct3D:
    Version:  Direct3D 11.0 [level 11.1]
    Renderer: NVIDIA GeForce RTX 3070 Laptop GPU (ID=0x249d)
    Vendor:   NVIDIA
    VRAM:     8033 MB
    Driver:   31.0.15.2737
Initialize mono
Mono path[0] = 'C:/Program Files/Unity/Hub/Editor/2021.3.15f1/Editor/Data/Managed'
Mono path[1] = 'C:/Program Files/Unity/Hub/Editor/2021.3.15f1/Editor/Data/MonoBleedingEdge/lib/mono/unityjit-win32'
Mono config path = 'C:/Program Files/Unity/Hub/Editor/2021.3.15f1/Editor/Data/MonoBleedingEdge/etc'
Using monoOptions --debugger-agent=transport=dt_socket,embedding=1,server=y,suspend=n,address=127.0.0.1:56716
Begin MonoManager ReloadAssembly
Registering precompiled unity dll's ...
Register platform support module: C:/Program Files/Unity/Hub/Editor/2021.3.15f1/Editor/Data/PlaybackEngines/WindowsStandaloneSupport/UnityEditor.WindowsStandalone.Extensions.dll
Registered in 0.007582 seconds.
Native extension for WindowsStandalone target not found
Refreshing native plugins compatible for Editor in 47.64 ms, found 2 plugins.
Preloading 0 native plugins for Editor in 0.00 ms.
Mono: successfully reloaded assembly
- Completed reload, in  0.773 seconds
Domain Reload Profiling:
	ReloadAssembly (773ms)
		BeginReloadAssembly (104ms)
			ExecutionOrderSort (0ms)
			DisableScriptedObjects (0ms)
			BackupInstance (0ms)
			ReleaseScriptingObjects (0ms)
			CreateAndSetChildDomain (1ms)
		EndReloadAssembly (535ms)
			LoadAssemblies (101ms)
			RebuildTransferFunctionScriptingTraits (0ms)
			SetupTypeCache (127ms)
			ReleaseScriptCaches (0ms)
			RebuildScriptCaches (35ms)
			SetupLoadedEditorAssemblies (310ms)
				LogAssemblyErrors (0ms)
				InitializePlatformSupportModulesInManaged (9ms)
				SetLoadedEditorAssemblies (0ms)
				RefreshPlugins (48ms)
				BeforeProcessingInitializeOnLoad (2ms)
				ProcessInitializeOnLoadAttributes (191ms)
				ProcessInitializeOnLoadMethodAttributes (60ms)
				AfterProcessingInitializeOnLoad (0ms)
				EditorAssembliesLoaded (0ms)
			ExecutionOrderSort2 (0ms)
			AwakeInstancesAfterBackupRestoration (0ms)
Platform modules already initialized, skipping
Registering precompiled user dll's ...
Registered in 0.005392 seconds.
Begin MonoManager ReloadAssembly
Native extension for WindowsStandalone target not found
Refreshing native plugins compatible for Editor in 0.70 ms, found 2 plugins.
Preloading 0 native plugins for Editor in 0.00 ms.
Package Manager log level set to [2]
Mono: successfully reloaded assembly
- Completed reload, in  1.226 seconds
Domain Reload Profiling:
	ReloadAssembly (1226ms)
		BeginReloadAssembly (136ms)
			ExecutionOrderSort (0ms)
			DisableScriptedObjects (8ms)
			BackupInstance (0ms)
			ReleaseScriptingObjects (0ms)
			CreateAndSetChildDomain (21ms)
		EndReloadAssembly (953ms)
			LoadAssemblies (103ms)
			RebuildTransferFunctionScriptingTraits (0ms)
			SetupTypeCache (226ms)
			ReleaseScriptCaches (1ms)
			RebuildScriptCaches (56ms)
			SetupLoadedEditorAssemblies (530ms)
				LogAssemblyErrors (0ms)
				InitializePlatformSupportModulesInManaged (6ms)
				SetLoadedEditorAssemblies (1ms)
				RefreshPlugins (1ms)
				BeforeProcessingInitializeOnLoad (78ms)
				ProcessInitializeOnLoadAttributes (268ms)
				ProcessInitializeOnLoadMethodAttributes (167ms)
				AfterProcessingInitializeOnLoad (9ms)
				EditorAssembliesLoaded (0ms)
			ExecutionOrderSort2 (0ms)
			AwakeInstancesAfterBackupRestoration (7ms)
Platform modules already initialized, skipping
========================================================================
Worker process is ready to serve import requests
Launched and connected shader compiler UnityShaderCompiler.exe after 0.06 seconds
Refreshing native plugins compatible for Editor in 1.25 ms, found 2 plugins.
Preloading 0 native plugins for Editor in 0.00 ms.
Unloading 2436 Unused Serialized files (Serialized files now loaded: 0)
Unloading 60 unused Assets / (57.5 KB). Loaded Objects now: 2870.
Memory consumption went from 94.1 MB to 94.0 MB.
Total: 9.561000 ms (FindLiveObjects: 0.286200 ms CreateObjectMapping: 0.205600 ms MarkObjects: 8.866900 ms  DeleteObjects: 0.200200 ms)

AssetImportParameters requested are different than current active one (requested -> active):
  custom:video-decoder-ogg-theora: a1e56fd34408186e4bbccfd4996cb3dc -> 
  custom:container-muxer-webm: aa71ff27fc2769a1b78a27578f13a17b -> 
  custom:container-demuxer-webm: 4f35f7cbe854078d1ac9338744f61a02 -> 
  custom:video-encoder-webm-vp8: eb34c28f22e8b96e1ab97ce403110664 -> 
  custom:audio-encoder-webm-vorbis: bf7c407c2cedff20999df2af8eb42d56 -> 
  custom:framework-win-MediaFoundation: 216162199b28c13a410421893ffa2e32 -> 
  custom:container-demuxer-ogg: 62fdf1f143b41e24485cea50d1cbac27 -> 
  custom:video-decoder-webm-vp8: 9c59270c3fd7afecdb556c50c9e8de78 -> 
  custom:audio-decoder-ogg-vorbis: bf7c407c2cedff20999df2af8eb42d56 -> 
========================================================================
Received Import Request.
  Time since last request: 365222.419841 seconds.
  path: Assets/CustomAssets/Tilemap/tilemap_packed_1.asset
  artifactKey: Guid(b6a4c56284338f14084120e3d7c03500) Importer(815301076,1909f56bfc062723c751e8b465ee728b)
Start importing Assets/CustomAssets/Tilemap/tilemap_packed_1.asset using Guid(b6a4c56284338f14084120e3d7c03500) Importer(815301076,1909f56bfc062723c751e8b465ee728b)  -> (artifact id: 'b768de8578fad3449ebe043f61175640') in 0.074430 seconds 
========================================================================
Received Import Request.
  Time since last request: 0.000074 seconds.
  path: Assets/CustomAssets/Tilemap/tilemap_packed_27.asset
  artifactKey: Guid(9b2e7d692cacee34cb0183d75723b63c) Importer(815301076,1909f56bfc062723c751e8b465ee728b)
Start importing Assets/CustomAssets/Tilemap/tilemap_packed_27.asset using Guid(9b2e7d692cacee34cb0183d75723b63c) Importer(815301076,1909f56bfc062723c751e8b465ee728b)  -> (artifact id: 'f65232eb8f11e51ab4eae16a38232d56') in 0.009822 seconds 
========================================================================
Received Import Request.
  Time since last request: 0.000018 seconds.
  path: Assets/CustomAssets/Tilemap/tilemap_packed_71.asset
  artifactKey: Guid(1246245e25431bc408d1d3b533d8eb1e) Importer(815301076,1909f56bfc062723c751e8b465ee728b)
Start importing Assets/CustomAssets/Tilemap/tilemap_packed_71.asset using Guid(1246245e25431bc408d1d3b533d8eb1e) Importer(815301076,1909f56bfc062723c751e8b465ee728b)  -> (artifact id: '7dd07ca0a25082c14f6f85f7352a93ca') in 0.021517 seconds 
========================================================================
Received Import Request.
  Time since last request: 0.000023 seconds.
  path: Assets/CustomAssets/Tilemap/tilemap_packed_15.asset
  artifactKey: Guid(a1a10f1ca8d9aa947844ce2469e354c1) Importer(815301076,1909f56bfc062723c751e8b465ee728b)
Start importing Assets/CustomAssets/Tilemap/tilemap_packed_15.asset using Guid(a1a10f1ca8d9aa947844ce2469e354c1) Importer(815301076,1909f56bfc062723c751e8b465ee728b)  -> (artifact id: 'eae06ef003dffe209d101443e45b30b2') in 0.015775 seconds 
========================================================================
Received Import Request.
  Time since last request: 0.000024 seconds.
  path: Assets/CustomAssets/Tilemap/tilemap_packed_58.asset
  artifactKey: Guid(f3d43c379323f6c4784294869117c4f9) Importer(815301076,1909f56bfc062723c751e8b465ee728b)
Start importing Assets/CustomAssets/Tilemap/tilemap_packed_58.asset using Guid(f3d43c379323f6c4784294869117c4f9) Importer(815301076,1909f56bfc062723c751e8b465ee728b)  -> (artifact id: '40c3f692321ca6341df11fc7037ed0c3') in 0.005774 seconds 
========================================================================
Received Import Request.
  Time since last request: 0.000017 seconds.
  path: Assets/CustomAssets/Tilemap/tilemap_packed_59.asset
  artifactKey: Guid(1356974c1f4191a49ad6e6cc779aea5a) Importer(815301076,1909f56bfc062723c751e8b465ee728b)
Start importing Assets/CustomAssets/Tilemap/tilemap_packed_59.asset using Guid(1356974c1f4191a49ad6e6cc779aea5a) Importer(815301076,1909f56bfc062723c751e8b465ee728b)  -> (artifact id: '9e291f7ab1336600c6a51565e82d463a') in 0.006264 seconds 
========================================================================
Received Import Request.
  Time since last request: 0.000020 seconds.
  path: Assets/CustomAssets/Tilemap/tilemap_packed_16.asset
  artifactKey: Guid(b3541340d100a61479fbc6d4acf23bee) Importer(815301076,1909f56bfc062723c751e8b465ee728b)
Start importing Assets/CustomAssets/Tilemap/tilemap_packed_16.asset using Guid(b3541340d100a61479fbc6d4acf23bee) Importer(815301076,1909f56bfc062723c751e8b465ee728b)  -> (artifact id: '10759b83b25e4ac11433801872d23f7b') in 0.010254 seconds 
========================================================================
Received Import Request.
  Time since last request: 0.000038 seconds.
  path: Assets/CustomAssets/Tilemap/tilemap_packed_37.asset
  artifactKey: Guid(004a2a30d2e337d4ba62d9da055b9346) Importer(815301076,1909f56bfc062723c751e8b465ee728b)
Start importing Assets/CustomAssets/Tilemap/tilemap_packed_37.asset using Guid(004a2a30d2e337d4ba62d9da055b9346) Importer(815301076,1909f56bfc062723c751e8b465ee728b)  -> (artifact id: '888512746a4b2dfd9ddd290a38ab4db7') in 0.009499 seconds 
========================================================================
Received Import Request.
  Time since last request: 0.000019 seconds.
  path: Assets/CustomAssets/Tilemap/tilemap_packed_12.asset
  artifactKey: Guid(a6e2e9b0ca8c13e4882007e5bad01607) Importer(815301076,1909f56bfc062723c751e8b465ee728b)
Start importing Assets/CustomAssets/Tilemap/tilemap_packed_12.asset using Guid(a6e2e9b0ca8c13e4882007e5bad01607) Importer(815301076,1909f56bfc062723c751e8b465ee728b)  -> (artifact id: 'dd803ebb9021d2860761626e016c0a58') in 0.012082 seconds 
========================================================================
Received Import Request.
  Time since last request: 0.000016 seconds.
  path: Assets/CustomAssets/Tilemap/tilemap_packed_56.asset
  artifactKey: Guid(963322ded42c3554f9c59c4a9a4c3dbb) Importer(815301076,1909f56bfc062723c751e8b465ee728b)
Start importing Assets/CustomAssets/Tilemap/tilemap_packed_56.asset using Guid(963322ded42c3554f9c59c4a9a4c3dbb) Importer(815301076,1909f56bfc062723c751e8b465ee728b)  -> (artifact id: 'eb803e7c977ef1680e84c5de41ebe59f') in 0.005705 seconds 
========================================================================
Received Import Request.
  Time since last request: 0.000021 seconds.
  path: Assets/CustomAssets/Tilemap/tilemap_packed_50.asset
  artifactKey: Guid(85dcddc2cb1a2cd419208cb4740e8aa6) Importer(815301076,1909f56bfc062723c751e8b465ee728b)
Start importing Assets/CustomAssets/Tilemap/tilemap_packed_50.asset using Guid(85dcddc2cb1a2cd419208cb4740e8aa6) Importer(815301076,1909f56bfc062723c751e8b465ee728b)  -> (artifact id: 'be9c18cd862558ceb2af4fb151b80ded') in 0.012001 seconds 
========================================================================
Received Import Request.
  Time since last request: 0.000020 seconds.
  path: Assets/CustomAssets/Tilemap/tilemap_packed_45.asset
  artifactKey: Guid(1fd2f967811594d4993e9d9874bb6316) Importer(815301076,1909f56bfc062723c751e8b465ee728b)
Start importing Assets/CustomAssets/Tilemap/tilemap_packed_45.asset using Guid(1fd2f967811594d4993e9d9874bb6316) Importer(815301076,1909f56bfc062723c751e8b465ee728b)  -> (artifact id: '7e1bfb6de84c46930948741c395658b4') in 0.007480 seconds 
========================================================================
Received Import Request.
  Time since last request: 0.000022 seconds.
  path: Assets/CustomAssets/Tilemap/tilemap_packed_53.asset
  artifactKey: Guid(353b78b69d55b194ca5adbbf6c9f14f4) Importer(815301076,1909f56bfc062723c751e8b465ee728b)
Start importing Assets/CustomAssets/Tilemap/tilemap_packed_53.asset using Guid(353b78b69d55b194ca5adbbf6c9f14f4) Importer(815301076,1909f56bfc062723c751e8b465ee728b)  -> (artifact id: '7826274d9297a812d03a2bae95024f7a') in 0.005645 seconds 
========================================================================
Received Import Request.
  Time since last request: 0.000025 seconds.
  path: Assets/CustomAssets/Tilemap/tilemap_packed_26.asset
  artifactKey: Guid(551509eac96e23d489cd119cc7838462) Importer(815301076,1909f56bfc062723c751e8b465ee728b)
Start importing Assets/CustomAssets/Tilemap/tilemap_packed_26.asset using Guid(551509eac96e23d489cd119cc7838462) Importer(815301076,1909f56bfc062723c751e8b465ee728b)  -> (artifact id: '7b16aa7c2a7a31ab428d442b251d41f0') in 0.009340 seconds 
========================================================================
Received Import Request.
  Time since last request: 0.000021 seconds.
  path: Assets/CustomAssets/Tilemap/tilemap_packed_49.asset
  artifactKey: Guid(b5d785c90e188f040a04b63597eab5da) Importer(815301076,1909f56bfc062723c751e8b465ee728b)
Start importing Assets/CustomAssets/Tilemap/tilemap_packed_49.asset using Guid(b5d785c90e188f040a04b63597eab5da) Importer(815301076,1909f56bfc062723c751e8b465ee728b)  -> (artifact id: '16295e801f5f83c68ee6d1550e273387') in 0.007693 seconds 
========================================================================
Received Import Request.
  Time since last request: 0.000019 seconds.
  path: Assets/CustomAssets/Tilemap/tilemap_packed_19.asset
  artifactKey: Guid(4afc6bf8a04f1c74fb36303aea1ddf9f) Importer(815301076,1909f56bfc062723c751e8b465ee728b)
Start importing Assets/CustomAssets/Tilemap/tilemap_packed_19.asset using Guid(4afc6bf8a04f1c74fb36303aea1ddf9f) Importer(815301076,1909f56bfc062723c751e8b465ee728b)  -> (artifact id: '699a89e1ded6e167bb2c81677c1fdfa2') in 0.011061 seconds 
========================================================================
Received Import Request.
  Time since last request: 0.000017 seconds.
  path: Assets/CustomAssets/Tilemap/tilemap_packed_29.asset
  artifactKey: Guid(40202c0dc9c5b284b87ac492239723a0) Importer(815301076,1909f56bfc062723c751e8b465ee728b)
Start importing Assets/CustomAssets/Tilemap/tilemap_packed_29.asset using Guid(40202c0dc9c5b284b87ac492239723a0) Importer(815301076,1909f56bfc062723c751e8b465ee728b)  -> (artifact id: 'e4d19a546103dffb1089f72cbba026de') in 0.005051 seconds 
========================================================================
Received Import Request.
  Time since last request: 0.000020 seconds.
  path: Assets/CustomAssets/Tilemap/tilemap_packed_78.asset
  artifactKey: Guid(382aab74129add4449adf4df150e57aa) Importer(815301076,1909f56bfc062723c751e8b465ee728b)
Start importing Assets/CustomAssets/Tilemap/tilemap_packed_78.asset using Guid(382aab74129add4449adf4df150e57aa) Importer(815301076,1909f56bfc062723c751e8b465ee728b)  -> (artifact id: '0adda706026fd9d4323efe827fa5fe4a') in 0.004469 seconds 
========================================================================
Received Import Request.
  Time since last request: 0.000021 seconds.
  path: Assets/CustomAssets/Tilemap/tilemap_packed_54.asset
  artifactKey: Guid(b282b81bf46c7b34aa24f76970b273f7) Importer(815301076,1909f56bfc062723c751e8b465ee728b)
Start importing Assets/CustomAssets/Tilemap/tilemap_packed_54.asset using Guid(b282b81bf46c7b34aa24f76970b273f7) Importer(815301076,1909f56bfc062723c751e8b465ee728b)  -> (artifact id: '27c4db2a375c1d0d14327d87799bb845') in 0.004892 seconds 
========================================================================
Received Import Request.
  Time since last request: 0.000021 seconds.
  path: Assets/CustomAssets/Tilemap/tilemap_packed_40.asset
  artifactKey: Guid(6ee5fb1b4e4b1334aac4a25f771aace6) Importer(815301076,1909f56bfc062723c751e8b465ee728b)
Start importing Assets/CustomAssets/Tilemap/tilemap_packed_40.asset using Guid(6ee5fb1b4e4b1334aac4a25f771aace6) Importer(815301076,1909f56bfc062723c751e8b465ee728b)  -> (artifact id: '781de3379499149264ffebe6857b63e5') in 0.010592 seconds 
========================================================================
Received Import Request.
  Time since last request: 0.000020 seconds.
  path: Assets/CustomAssets/Tilemap/tilemap_packed_43.asset
  artifactKey: Guid(1b7229c6bbbad6844a28ec581477fdac) Importer(815301076,1909f56bfc062723c751e8b465ee728b)
Start importing Assets/CustomAssets/Tilemap/tilemap_packed_43.asset using Guid(1b7229c6bbbad6844a28ec581477fdac) Importer(815301076,1909f56bfc062723c751e8b465ee728b)  -> (artifact id: '54480b5f71556c0b35d9699061f50e6c') in 0.005413 seconds 
========================================================================
Received Import Request.
  Time since last request: 0.000019 seconds.
  path: Assets/CustomAssets/Tilemap/tilemap_packed_25.asset
  artifactKey: Guid(395c233e5e37b4c4f833626a6d488f5b) Importer(815301076,1909f56bfc062723c751e8b465ee728b)
Start importing Assets/CustomAssets/Tilemap/tilemap_packed_25.asset using Guid(395c233e5e37b4c4f833626a6d488f5b) Importer(815301076,1909f56bfc062723c751e8b465ee728b)  -> (artifact id: '9aff3734cb13fbc0a2f910dd82decfa4') in 0.005474 seconds 
========================================================================
Received Import Request.
  Time since last request: 0.000016 seconds.
  path: Assets/CustomAssets/Tilemap/tilemap_packed_65.asset
  artifactKey: Guid(732d7b09135cda949918836730fbc6e6) Importer(815301076,1909f56bfc062723c751e8b465ee728b)
Start importing Assets/CustomAssets/Tilemap/tilemap_packed_65.asset using Guid(732d7b09135cda949918836730fbc6e6) Importer(815301076,1909f56bfc062723c751e8b465ee728b)  -> (artifact id: 'bc841089ab06a027837a8dfb649e9e19') in 0.007893 seconds 
========================================================================
Received Import Request.
  Time since last request: 12.012982 seconds.
  path: Assets/CustomAssets/Tilemap/tilemap_packed_1.asset
  artifactKey: Guid(b6a4c56284338f14084120e3d7c03500) Importer(815301076,1909f56bfc062723c751e8b465ee728b)
Start importing Assets/CustomAssets/Tilemap/tilemap_packed_1.asset using Guid(b6a4c56284338f14084120e3d7c03500) Importer(815301076,1909f56bfc062723c751e8b465ee728b)  -> (artifact id: 'a7dc638016e030439588f2287489bb1e') in 0.006156 seconds 
========================================================================
Received Import Request.
  Time since last request: 0.000018 seconds.
  path: Assets/CustomAssets/Tilemap/tilemap_packed_30.asset
  artifactKey: Guid(12b97c12445cff54ab7c3897431e6b68) Importer(815301076,1909f56bfc062723c751e8b465ee728b)
Start importing Assets/CustomAssets/Tilemap/tilemap_packed_30.asset using Guid(12b97c12445cff54ab7c3897431e6b68) Importer(815301076,1909f56bfc062723c751e8b465ee728b)  -> (artifact id: '41d62b72f31e14ae0ba638ce0c2584e8') in 0.006053 seconds 
========================================================================
Received Import Request.
  Time since last request: 0.000034 seconds.
  path: Assets/CustomAssets/Tilemap/tilemap_packed_47.asset
  artifactKey: Guid(5f8570921419e8c49a73f8b928b2eee3) Importer(815301076,1909f56bfc062723c751e8b465ee728b)
Start importing Assets/CustomAssets/Tilemap/tilemap_packed_47.asset using Guid(5f8570921419e8c49a73f8b928b2eee3) Importer(815301076,1909f56bfc062723c751e8b465ee728b)  -> (artifact id: '54a270762f7a6de5097743711f03575e') in 0.007920 seconds 
========================================================================
Received Import Request.
  Time since last request: 0.000023 seconds.
  path: Assets/CustomAssets/Tilemap/tilemap_packed_28.asset
  artifactKey: Guid(911185a7e6457f14086eaf471283d364) Importer(815301076,1909f56bfc062723c751e8b465ee728b)
Start importing Assets/CustomAssets/Tilemap/tilemap_packed_28.asset using Guid(911185a7e6457f14086eaf471283d364) Importer(815301076,1909f56bfc062723c751e8b465ee728b)  -> (artifact id: '01a5da01f8ffd34a97f4edf9eab3b419') in 0.011019 seconds 
========================================================================
Received Import Request.
  Time since last request: 0.000018 seconds.
  path: Assets/CustomAssets/Tilemap/tilemap_packed_27.asset
  artifactKey: Guid(9b2e7d692cacee34cb0183d75723b63c) Importer(815301076,1909f56bfc062723c751e8b465ee728b)
Start importing Assets/CustomAssets/Tilemap/tilemap_packed_27.asset using Guid(9b2e7d692cacee34cb0183d75723b63c) Importer(815301076,1909f56bfc062723c751e8b465ee728b)  -> (artifact id: '62b730ff7e03f5ad8d335fdee07cf7c2') in 0.006025 seconds 
========================================================================
Received Import Request.
  Time since last request: 0.000023 seconds.
  path: Assets/CustomAssets/Tilemap/tilemap_packed_21.asset
  artifactKey: Guid(1f47264fbf9ec4e4694107b3074fc166) Importer(815301076,1909f56bfc062723c751e8b465ee728b)
Start importing Assets/CustomAssets/Tilemap/tilemap_packed_21.asset using Guid(1f47264fbf9ec4e4694107b3074fc166) Importer(815301076,1909f56bfc062723c751e8b465ee728b)  -> (artifact id: 'bd87946d260ff8cb238e6978678e6a56') in 0.005754 seconds 
========================================================================
Received Import Request.
  Time since last request: 0.000018 seconds.
  path: Assets/CustomAssets/Tilemap/tilemap_packed_69.asset
  artifactKey: Guid(5d42a93c5b90e2d4eb7a8755e02d3cb8) Importer(815301076,1909f56bfc062723c751e8b465ee728b)
Start importing Assets/CustomAssets/Tilemap/tilemap_packed_69.asset using Guid(5d42a93c5b90e2d4eb7a8755e02d3cb8) Importer(815301076,1909f56bfc062723c751e8b465ee728b)  -> (artifact id: '8df25e21a4e2d0c79bb615adc916f69c') in 0.012916 seconds 
========================================================================
Received Import Request.
  Time since last request: 0.000022 seconds.
  path: Assets/CustomAssets/Tilemap/tilemap_packed_34.asset
  artifactKey: Guid(9f80e932dc6376442886e2d5f2277ee4) Importer(815301076,1909f56bfc062723c751e8b465ee728b)
Start importing Assets/CustomAssets/Tilemap/tilemap_packed_34.asset using Guid(9f80e932dc6376442886e2d5f2277ee4) Importer(815301076,1909f56bfc062723c751e8b465ee728b)  -> (artifact id: '2a77a37bd50444cf70c0fef3e66a9145') in 0.006305 seconds 
========================================================================
Received Import Request.
  Time since last request: 0.000022 seconds.
  path: Assets/CustomAssets/Tilemap/tilemap_packed_48.asset
  artifactKey: Guid(4e023bea86c8df1429b50be9d635657f) Importer(815301076,1909f56bfc062723c751e8b465ee728b)
Start importing Assets/CustomAssets/Tilemap/tilemap_packed_48.asset using Guid(4e023bea86c8df1429b50be9d635657f) Importer(815301076,1909f56bfc062723c751e8b465ee728b)  -> (artifact id: '11e380b9c850d054980060a6ef877901') in 0.008488 seconds 
========================================================================
Received Import Request.
  Time since last request: 0.000020 seconds.
  path: Assets/CustomAssets/Tilemap/tilemap_packed_58.asset
  artifactKey: Guid(f3d43c379323f6c4784294869117c4f9) Importer(815301076,1909f56bfc062723c751e8b465ee728b)
Start importing Assets/CustomAssets/Tilemap/tilemap_packed_58.asset using Guid(f3d43c379323f6c4784294869117c4f9) Importer(815301076,1909f56bfc062723c751e8b465ee728b)  -> (artifact id: 'b1ac8b0ae8b9120c4a0b2201295c5fba') in 0.005953 seconds 
========================================================================
Received Import Request.
  Time since last request: 0.000030 seconds.
  path: Assets/CustomAssets/Tilemap/tilemap_packed_59.asset
  artifactKey: Guid(1356974c1f4191a49ad6e6cc779aea5a) Importer(815301076,1909f56bfc062723c751e8b465ee728b)
Start importing Assets/CustomAssets/Tilemap/tilemap_packed_59.asset using Guid(1356974c1f4191a49ad6e6cc779aea5a) Importer(815301076,1909f56bfc062723c751e8b465ee728b)  -> (artifact id: 'ba10781e04bb86bb30fc3d5ab9a96ecb') in 0.006393 seconds 
========================================================================
Received Import Request.
  Time since last request: 0.000024 seconds.
  path: Assets/CustomAssets/Tilemap/tilemap_packed_16.asset
  artifactKey: Guid(b3541340d100a61479fbc6d4acf23bee) Importer(815301076,1909f56bfc062723c751e8b465ee728b)
Start importing Assets/CustomAssets/Tilemap/tilemap_packed_16.asset using Guid(b3541340d100a61479fbc6d4acf23bee) Importer(815301076,1909f56bfc062723c751e8b465ee728b)  -> (artifact id: '389c224cae90ae033d18a03945fb6049') in 0.011365 seconds 
========================================================================
Received Import Request.
  Time since last request: 0.000022 seconds.
  path: Assets/CustomAssets/Tilemap/tilemap_packed_22.asset
  artifactKey: Guid(350317a57d358344598def3494229353) Importer(815301076,1909f56bfc062723c751e8b465ee728b)
Start importing Assets/CustomAssets/Tilemap/tilemap_packed_22.asset using Guid(350317a57d358344598def3494229353) Importer(815301076,1909f56bfc062723c751e8b465ee728b)  -> (artifact id: '19411cead11c19706d903de41e8f1b6a') in 0.008470 seconds 
========================================================================
Received Import Request.
  Time since last request: 0.000018 seconds.
  path: Assets/CustomAssets/Tilemap/tilemap_packed_12.asset
  artifactKey: Guid(a6e2e9b0ca8c13e4882007e5bad01607) Importer(815301076,1909f56bfc062723c751e8b465ee728b)
Start importing Assets/CustomAssets/Tilemap/tilemap_packed_12.asset using Guid(a6e2e9b0ca8c13e4882007e5bad01607) Importer(815301076,1909f56bfc062723c751e8b465ee728b)  -> (artifact id: '6f255123cb10b746521e8e5e5397d29e') in 0.014051 seconds 
========================================================================
Received Import Request.
  Time since last request: 0.000027 seconds.
  path: Assets/CustomAssets/Tilemap/tilemap_packed_13.asset
  artifactKey: Guid(e1f09bb615b5c32418e273fdc5e40d36) Importer(815301076,1909f56bfc062723c751e8b465ee728b)
Start importing Assets/CustomAssets/Tilemap/tilemap_packed_13.asset using Guid(e1f09bb615b5c32418e273fdc5e40d36) Importer(815301076,1909f56bfc062723c751e8b465ee728b)  -> (artifact id: 'dcecd39bfeb91b76e0e426fd14866f54') in 0.008022 seconds 
========================================================================
Received Import Request.
  Time since last request: 0.000022 seconds.
  path: Assets/CustomAssets/Tilemap/tilemap_packed_50.asset
  artifactKey: Guid(85dcddc2cb1a2cd419208cb4740e8aa6) Importer(815301076,1909f56bfc062723c751e8b465ee728b)
Start importing Assets/CustomAssets/Tilemap/tilemap_packed_50.asset using Guid(85dcddc2cb1a2cd419208cb4740e8aa6) Importer(815301076,1909f56bfc062723c751e8b465ee728b)  -> (artifact id: 'a9a552afeeafcd49f8b6ef2ccdea2e30') in 0.007413 seconds 
========================================================================
Received Import Request.
  Time since last request: 0.000018 seconds.
  path: Assets/CustomAssets/Tilemap/tilemap_packed_45.asset
  artifactKey: Guid(1fd2f967811594d4993e9d9874bb6316) Importer(815301076,1909f56bfc062723c751e8b465ee728b)
Start importing Assets/CustomAssets/Tilemap/tilemap_packed_45.asset using Guid(1fd2f967811594d4993e9d9874bb6316) Importer(815301076,1909f56bfc062723c751e8b465ee728b)  -> (artifact id: '88f35456fbdca4d1230768fea358ffd7') in 0.006534 seconds 
========================================================================
Received Import Request.
  Time since last request: 0.000032 seconds.
  path: Assets/CustomAssets/Tilemap/tilemap_packed_63.asset
  artifactKey: Guid(cf802449041c61a4db641fb71617c7d6) Importer(815301076,1909f56bfc062723c751e8b465ee728b)
Start importing Assets/CustomAssets/Tilemap/tilemap_packed_63.asset using Guid(cf802449041c61a4db641fb71617c7d6) Importer(815301076,1909f56bfc062723c751e8b465ee728b)  -> (artifact id: '7dcce0eaa1e6292ef0f42ce283b47fa6') in 0.006421 seconds 
========================================================================
Received Import Request.
  Time since last request: 0.000019 seconds.
  path: Assets/CustomAssets/Tilemap/tilemap_packed_66.asset
  artifactKey: Guid(7a44fb7e70f6cdb468f42172632858d0) Importer(815301076,1909f56bfc062723c751e8b465ee728b)
Start importing Assets/CustomAssets/Tilemap/tilemap_packed_66.asset using Guid(7a44fb7e70f6cdb468f42172632858d0) Importer(815301076,1909f56bfc062723c751e8b465ee728b)  -> (artifact id: 'ae933c54bc025ecfc68b7000b37800f5') in 0.006591 seconds 
========================================================================
Received Import Request.
  Time since last request: 0.000021 seconds.
  path: Assets/CustomAssets/Tilemap/tilemap_packed_18.asset
  artifactKey: Guid(f86ad1c31cb82d74db30b9b5daa2e35d) Importer(815301076,1909f56bfc062723c751e8b465ee728b)
Start importing Assets/CustomAssets/Tilemap/tilemap_packed_18.asset using Guid(f86ad1c31cb82d74db30b9b5daa2e35d) Importer(815301076,1909f56bfc062723c751e8b465ee728b)  -> (artifact id: '3eb5a961d62558053f9ca6a2fa70817e') in 0.008446 seconds 
========================================================================
Received Import Request.
  Time since last request: 0.000031 seconds.
  path: Assets/CustomAssets/Tilemap/tilemap_packed_67.asset
  artifactKey: Guid(75c9de5895d91ab49babe940af5d0a9c) Importer(815301076,1909f56bfc062723c751e8b465ee728b)
Start importing Assets/CustomAssets/Tilemap/tilemap_packed_67.asset using Guid(75c9de5895d91ab49babe940af5d0a9c) Importer(815301076,1909f56bfc062723c751e8b465ee728b)  -> (artifact id: '78e95906b0fa27e81ac97c08f4e84743') in 0.010595 seconds 
========================================================================
Received Import Request.
  Time since last request: 0.000024 seconds.
  path: Assets/CustomAssets/Tilemap/tilemap_packed_41.asset
  artifactKey: Guid(a5bd7b4b787bffd4bb73fa3949c159e2) Importer(815301076,1909f56bfc062723c751e8b465ee728b)
Start importing Assets/CustomAssets/Tilemap/tilemap_packed_41.asset using Guid(a5bd7b4b787bffd4bb73fa3949c159e2) Importer(815301076,1909f56bfc062723c751e8b465ee728b)  -> (artifact id: '8ec774afb5919ea4f3663bd8a1f36fbe') in 0.009256 seconds 
========================================================================
Received Import Request.
  Time since last request: 0.000018 seconds.
  path: Assets/CustomAssets/Tilemap/tilemap_packed_78.asset
  artifactKey: Guid(382aab74129add4449adf4df150e57aa) Importer(815301076,1909f56bfc062723c751e8b465ee728b)
Start importing Assets/CustomAssets/Tilemap/tilemap_packed_78.asset using Guid(382aab74129add4449adf4df150e57aa) Importer(815301076,1909f56bfc062723c751e8b465ee728b)  -> (artifact id: 'e8527cedb153a3e296b281f49c1307ef') in 0.005566 seconds 
========================================================================
Received Import Request.
  Time since last request: 0.000017 seconds.
  path: Assets/CustomAssets/Tilemap/tilemap_packed_54.asset
  artifactKey: Guid(b282b81bf46c7b34aa24f76970b273f7) Importer(815301076,1909f56bfc062723c751e8b465ee728b)
Start importing Assets/CustomAssets/Tilemap/tilemap_packed_54.asset using Guid(b282b81bf46c7b34aa24f76970b273f7) Importer(815301076,1909f56bfc062723c751e8b465ee728b)  -> (artifact id: '664841b24df90dc26b21a0c80998a5cc') in 0.007284 seconds 
========================================================================
Received Import Request.
  Time since last request: 0.000023 seconds.
  path: Assets/CustomAssets/Tilemap/tilemap_packed_40.asset
  artifactKey: Guid(6ee5fb1b4e4b1334aac4a25f771aace6) Importer(815301076,1909f56bfc062723c751e8b465ee728b)
Start importing Assets/CustomAssets/Tilemap/tilemap_packed_40.asset using Guid(6ee5fb1b4e4b1334aac4a25f771aace6) Importer(815301076,1909f56bfc062723c751e8b465ee728b)  -> (artifact id: '37d25614dccd5bcb9f7e24d97248c309') in 0.013208 seconds 
========================================================================
Received Import Request.
  Time since last request: 0.000030 seconds.
  path: Assets/CustomAssets/Tilemap/tilemap_packed_74.asset
  artifactKey: Guid(de12e463277c5be4b8a51f30b93f7f89) Importer(815301076,1909f56bfc062723c751e8b465ee728b)
Start importing Assets/CustomAssets/Tilemap/tilemap_packed_74.asset using Guid(de12e463277c5be4b8a51f30b93f7f89) Importer(815301076,1909f56bfc062723c751e8b465ee728b)  -> (artifact id: '2f147c097850733ba5966157277f5191') in 0.006407 seconds 
========================================================================
Received Import Request.
  Time since last request: 0.000023 seconds.
  path: Assets/CustomAssets/Tilemap/tilemap_packed_61.asset
  artifactKey: Guid(1d16e4ecc49d00e4487d9912f9a3aaf6) Importer(815301076,1909f56bfc062723c751e8b465ee728b)
Start importing Assets/CustomAssets/Tilemap/tilemap_packed_61.asset using Guid(1d16e4ecc49d00e4487d9912f9a3aaf6) Importer(815301076,1909f56bfc062723c751e8b465ee728b)  -> (artifact id: '823b35616c7304fe84b2578aeab3e692') in 0.006244 seconds 
========================================================================
Received Import Request.
  Time since last request: 0.000017 seconds.
  path: Assets/CustomAssets/Tilemap/tilemap_packed_24.asset
  artifactKey: Guid(00680f4e32035bf478279cb7e5613104) Importer(815301076,1909f56bfc062723c751e8b465ee728b)
Start importing Assets/CustomAssets/Tilemap/tilemap_packed_24.asset using Guid(00680f4e32035bf478279cb7e5613104) Importer(815301076,1909f56bfc062723c751e8b465ee728b)  -> (artifact id: '95a39bbd1cafcfd1396ce4d7180ca8e3') in 0.005824 seconds 
Editor requested this worker to shutdown with reason: Scaling down because of idle timeout
AssetImportWorker is now disconnected from the server
Process exiting
Exiting without the bug reporter. Application will terminate with return code 0